Pomerance CUDA x16halvenonsplit prototype

p = 1000000000000000000000000103
mode = x16quadcouplingprobe
seed_offset = 0
seed_mode = splitmix
max_trials = 100000000
chunk_trials = 100000000
coupling_gate_range = 3..12
coupling_word_bits = 6
k = 45
backend = u96
GPU = NVIDIA A40  SMs=84  blocks=672  threads=128  claim_batch=1

  raw_source_draws=100000000 elapsed=16.904 raw_y_Mps=5.915741 recurrence_rows=6249614 target_survivors=6188 target_per_raw=0.000061880000

Quadratic-gate recurrence-coupling summary:
  mode=x16quadcouplingprobe backend=u96 GPU="NVIDIA A40" seed_mode=splitmix seed_offset=0
  gate_range=3..12 word_bits=6 elapsed=16.904076 raw_y_Mps=5.915733
  raw_source_draws=100000000 y_zero=0 nonsplit_y=50004278 sqrtD_y=25007541 roots_valid=50015082 prefix_attempts=50015082 prefix_success=12502884 recurrence_rows=6249614 recurrence_per_raw=0.062496140000
  B_sqrt_sampled_globally success=6249614 fail=0 formula_unavailable=0 materialize_fail=0 actual_mismatch=0
  target_gate=12 target_survivors=6188 target_per_raw_source_draw=0.000061880000 target_per_recurrence_row=0.000990141151 target_survivor_per_sec=366.065547
  per-gate signs:
    gate rows plus minus unavailable plus_rate
    3 6249614 3125656 3123958 0 0.500135848
    4 3125656 1563534 1562122 0 0.500225873
    5 1563534 783854 779680 0 0.501334797
    6 783854 392616 391238 0 0.500878990
    7 392616 195758 196858 0 0.498599140
    8 195758 98358 97400 0 0.502446899
    9 98358 48910 49448 0 0.497265093
    10 48910 24662 24248 0 0.504232263
    11 24662 12344 12318 0 0.500527127
    12 12344 6188 6156 0 0.501296176
coupling_jsonl={"mode":"x16quadcouplingprobe","p":"1000000000000000000000000103","backend":"u96","gpu":"NVIDIA A40","seed_mode":"splitmix","seed_offset":0,"gate_min":3,"gate_max":12,"word_bits":6,"elapsed":16.904076,"raw_y_Mps":5.915733,"raw_source_draws":100000000,"y_zero":0,"nonsplit_y":50004278,"sqrtD_y":25007541,"roots_valid":50015082,"prefix_attempts":50015082,"prefix_success":12502884,"recurrence_rows":6249614,"recurrence_per_raw":0.062496140000,"target_survivors":6188,"target_per_raw_source_draw":0.000061880000,"target_per_recurrence_row":0.000990141151,"target_survivor_per_sec":366.065547,"B_sqrt_success":6249614,"B_sqrt_fail":0,"formula_unavailable":0,"materialize_fail":0,"actual_mismatch":0,"gate3_rows":6249614,"gate3_plus":3125656,"gate3_minus":3123958,"gate3_unavailable":0,"gate4_rows":3125656,"gate4_plus":1563534,"gate4_minus":1562122,"gate4_unavailable":0,"gate5_rows":1563534,"gate5_plus":783854,"gate5_minus":779680,"gate5_unavailable":0,"gate6_rows":783854,"gate6_plus":392616,"gate6_minus":391238,"gate6_unavailable":0,"gate7_rows":392616,"gate7_plus":195758,"gate7_minus":196858,"gate7_unavailable":0,"gate8_rows":195758,"gate8_plus":98358,"gate8_minus":97400,"gate8_unavailable":0,"gate9_rows":98358,"gate9_plus":48910,"gate9_minus":49448,"gate9_unavailable":0,"gate10_rows":48910,"gate10_plus":24662,"gate10_minus":24248,"gate10_unavailable":0,"gate11_rows":24662,"gate11_plus":12344,"gate11_minus":12318,"gate11_unavailable":0,"gate12_rows":12344,"gate12_plus":6188,"gate12_minus":6156,"gate12_unavailable":0}
  pairwise sign correlations among co-observed signs:
    gate_i gate_j n plus_i plus_j same corr note
    3 4 3125656 3125656 1563534 1563534 0.000000 censored_or_degenerate
coupling_pair_jsonl={"gate_i":3,"gate_j":4,"lag":1,"n":3125656,"plus_i":3125656,"plus_j":1563534,"same":1563534,"corr":0.000000000,"note":"censored_or_degenerate"}
    3 5 1563534 1563534 783854 783854 0.000000 censored_or_degenerate
coupling_pair_jsonl={"gate_i":3,"gate_j":5,"lag":2,"n":1563534,"plus_i":1563534,"plus_j":783854,"same":783854,"corr":0.000000000,"note":"censored_or_degenerate"}
    3 6 783854 783854 392616 392616 0.000000 censored_or_degenerate
coupling_pair_jsonl={"gate_i":3,"gate_j":6,"lag":3,"n":783854,"plus_i":783854,"plus_j":392616,"same":392616,"corr":0.000000000,"note":"censored_or_degenerate"}
    3 7 392616 392616 195758 195758 0.000000 censored_or_degenerate
coupling_pair_jsonl={"gate_i":3,"gate_j":7,"lag":4,"n":392616,"plus_i":392616,"plus_j":195758,"same":195758,"corr":0.000000000,"note":"censored_or_degenerate"}
    3 8 195758 195758 98358 98358 0.000000 censored_or_degenerate
coupling_pair_jsonl={"gate_i":3,"gate_j":8,"lag":5,"n":195758,"plus_i":195758,"plus_j":98358,"same":98358,"corr":0.000000000,"note":"censored_or_degenerate"}
    3 9 98358 98358 48910 48910 0.000000 censored_or_degenerate
coupling_pair_jsonl={"gate_i":3,"gate_j":9,"lag":6,"n":98358,"plus_i":98358,"plus_j":48910,"same":48910,"corr":0.000000000,"note":"censored_or_degenerate"}
    3 10 48910 48910 24662 24662 0.000000 censored_or_degenerate
coupling_pair_jsonl={"gate_i":3,"gate_j":10,"lag":7,"n":48910,"plus_i":48910,"plus_j":24662,"same":24662,"corr":0.000000000,"note":"censored_or_degenerate"}
    3 11 24662 24662 12344 12344 0.000000 censored_or_degenerate
coupling_pair_jsonl={"gate_i":3,"gate_j":11,"lag":8,"n":24662,"plus_i":24662,"plus_j":12344,"same":12344,"corr":0.000000000,"note":"censored_or_degenerate"}
    3 12 12344 12344 6188 6188 0.000000 censored_or_degenerate
coupling_pair_jsonl={"gate_i":3,"gate_j":12,"lag":9,"n":12344,"plus_i":12344,"plus_j":6188,"same":6188,"corr":0.000000000,"note":"censored_or_degenerate"}
    4 5 1563534 1563534 783854 783854 0.000000 censored_or_degenerate
coupling_pair_jsonl={"gate_i":4,"gate_j":5,"lag":1,"n":1563534,"plus_i":1563534,"plus_j":783854,"same":783854,"corr":0.000000000,"note":"censored_or_degenerate"}
    4 6 783854 783854 392616 392616 0.000000 censored_or_degenerate
coupling_pair_jsonl={"gate_i":4,"gate_j":6,"lag":2,"n":783854,"plus_i":783854,"plus_j":392616,"same":392616,"corr":0.000000000,"note":"censored_or_degenerate"}
    4 7 392616 392616 195758 195758 0.000000 censored_or_degenerate
coupling_pair_jsonl={"gate_i":4,"gate_j":7,"lag":3,"n":392616,"plus_i":392616,"plus_j":195758,"same":195758,"corr":0.000000000,"note":"censored_or_degenerate"}
    4 8 195758 195758 98358 98358 0.000000 censored_or_degenerate
coupling_pair_jsonl={"gate_i":4,"gate_j":8,"lag":4,"n":195758,"plus_i":195758,"plus_j":98358,"same":98358,"corr":0.000000000,"note":"censored_or_degenerate"}
    4 9 98358 98358 48910 48910 0.000000 censored_or_degenerate
coupling_pair_jsonl={"gate_i":4,"gate_j":9,"lag":5,"n":98358,"plus_i":98358,"plus_j":48910,"same":48910,"corr":0.000000000,"note":"censored_or_degenerate"}
    4 10 48910 48910 24662 24662 0.000000 censored_or_degenerate
coupling_pair_jsonl={"gate_i":4,"gate_j":10,"lag":6,"n":48910,"plus_i":48910,"plus_j":24662,"same":24662,"corr":0.000000000,"note":"censored_or_degenerate"}
    4 11 24662 24662 12344 12344 0.000000 censored_or_degenerate
coupling_pair_jsonl={"gate_i":4,"gate_j":11,"lag":7,"n":24662,"plus_i":24662,"plus_j":12344,"same":12344,"corr":0.000000000,"note":"censored_or_degenerate"}
    4 12 12344 12344 6188 6188 0.000000 censored_or_degenerate
coupling_pair_jsonl={"gate_i":4,"gate_j":12,"lag":8,"n":12344,"plus_i":12344,"plus_j":6188,"same":6188,"corr":0.000000000,"note":"censored_or_degenerate"}
    5 6 783854 783854 392616 392616 0.000000 censored_or_degenerate
coupling_pair_jsonl={"gate_i":5,"gate_j":6,"lag":1,"n":783854,"plus_i":783854,"plus_j":392616,"same":392616,"corr":0.000000000,"note":"censored_or_degenerate"}
    5 7 392616 392616 195758 195758 0.000000 censored_or_degenerate
coupling_pair_jsonl={"gate_i":5,"gate_j":7,"lag":2,"n":392616,"plus_i":392616,"plus_j":195758,"same":195758,"corr":0.000000000,"note":"censored_or_degenerate"}
    5 8 195758 195758 98358 98358 0.000000 censored_or_degenerate
coupling_pair_jsonl={"gate_i":5,"gate_j":8,"lag":3,"n":195758,"plus_i":195758,"plus_j":98358,"same":98358,"corr":0.000000000,"note":"censored_or_degenerate"}
    5 9 98358 98358 48910 48910 0.000000 censored_or_degenerate
coupling_pair_jsonl={"gate_i":5,"gate_j":9,"lag":4,"n":98358,"plus_i":98358,"plus_j":48910,"same":48910,"corr":0.000000000,"note":"censored_or_degenerate"}
    5 10 48910 48910 24662 24662 0.000000 censored_or_degenerate
coupling_pair_jsonl={"gate_i":5,"gate_j":10,"lag":5,"n":48910,"plus_i":48910,"plus_j":24662,"same":24662,"corr":0.000000000,"note":"censored_or_degenerate"}
    5 11 24662 24662 12344 12344 0.000000 censored_or_degenerate
coupling_pair_jsonl={"gate_i":5,"gate_j":11,"lag":6,"n":24662,"plus_i":24662,"plus_j":12344,"same":12344,"corr":0.000000000,"note":"censored_or_degenerate"}
    5 12 12344 12344 6188 6188 0.000000 censored_or_degenerate
coupling_pair_jsonl={"gate_i":5,"gate_j":12,"lag":7,"n":12344,"plus_i":12344,"plus_j":6188,"same":6188,"corr":0.000000000,"note":"censored_or_degenerate"}
    6 7 392616 392616 195758 195758 0.000000 censored_or_degenerate
coupling_pair_jsonl={"gate_i":6,"gate_j":7,"lag":1,"n":392616,"plus_i":392616,"plus_j":195758,"same":195758,"corr":0.000000000,"note":"censored_or_degenerate"}
    6 8 195758 195758 98358 98358 0.000000 censored_or_degenerate
coupling_pair_jsonl={"gate_i":6,"gate_j":8,"lag":2,"n":195758,"plus_i":195758,"plus_j":98358,"same":98358,"corr":0.000000000,"note":"censored_or_degenerate"}
    6 9 98358 98358 48910 48910 0.000000 censored_or_degenerate
coupling_pair_jsonl={"gate_i":6,"gate_j":9,"lag":3,"n":98358,"plus_i":98358,"plus_j":48910,"same":48910,"corr":0.000000000,"note":"censored_or_degenerate"}
    6 10 48910 48910 24662 24662 0.000000 censored_or_degenerate
coupling_pair_jsonl={"gate_i":6,"gate_j":10,"lag":4,"n":48910,"plus_i":48910,"plus_j":24662,"same":24662,"corr":0.000000000,"note":"censored_or_degenerate"}
    6 11 24662 24662 12344 12344 0.000000 censored_or_degenerate
coupling_pair_jsonl={"gate_i":6,"gate_j":11,"lag":5,"n":24662,"plus_i":24662,"plus_j":12344,"same":12344,"corr":0.000000000,"note":"censored_or_degenerate"}
    6 12 12344 12344 6188 6188 0.000000 censored_or_degenerate
coupling_pair_jsonl={"gate_i":6,"gate_j":12,"lag":6,"n":12344,"plus_i":12344,"plus_j":6188,"same":6188,"corr":0.000000000,"note":"censored_or_degenerate"}
    7 8 195758 195758 98358 98358 0.000000 censored_or_degenerate
coupling_pair_jsonl={"gate_i":7,"gate_j":8,"lag":1,"n":195758,"plus_i":195758,"plus_j":98358,"same":98358,"corr":0.000000000,"note":"censored_or_degenerate"}
    7 9 98358 98358 48910 48910 0.000000 censored_or_degenerate
coupling_pair_jsonl={"gate_i":7,"gate_j":9,"lag":2,"n":98358,"plus_i":98358,"plus_j":48910,"same":48910,"corr":0.000000000,"note":"censored_or_degenerate"}
    7 10 48910 48910 24662 24662 0.000000 censored_or_degenerate
coupling_pair_jsonl={"gate_i":7,"gate_j":10,"lag":3,"n":48910,"plus_i":48910,"plus_j":24662,"same":24662,"corr":0.000000000,"note":"censored_or_degenerate"}
    7 11 24662 24662 12344 12344 0.000000 censored_or_degenerate
coupling_pair_jsonl={"gate_i":7,"gate_j":11,"lag":4,"n":24662,"plus_i":24662,"plus_j":12344,"same":12344,"corr":0.000000000,"note":"censored_or_degenerate"}
    7 12 12344 12344 6188 6188 0.000000 censored_or_degenerate
coupling_pair_jsonl={"gate_i":7,"gate_j":12,"lag":5,"n":12344,"plus_i":12344,"plus_j":6188,"same":6188,"corr":0.000000000,"note":"censored_or_degenerate"}
    8 9 98358 98358 48910 48910 0.000000 censored_or_degenerate
coupling_pair_jsonl={"gate_i":8,"gate_j":9,"lag":1,"n":98358,"plus_i":98358,"plus_j":48910,"same":48910,"corr":0.000000000,"note":"censored_or_degenerate"}
    8 10 48910 48910 24662 24662 0.000000 censored_or_degenerate
coupling_pair_jsonl={"gate_i":8,"gate_j":10,"lag":2,"n":48910,"plus_i":48910,"plus_j":24662,"same":24662,"corr":0.000000000,"note":"censored_or_degenerate"}
    8 11 24662 24662 12344 12344 0.000000 censored_or_degenerate
coupling_pair_jsonl={"gate_i":8,"gate_j":11,"lag":3,"n":24662,"plus_i":24662,"plus_j":12344,"same":12344,"corr":0.000000000,"note":"censored_or_degenerate"}
    8 12 12344 12344 6188 6188 0.000000 censored_or_degenerate
coupling_pair_jsonl={"gate_i":8,"gate_j":12,"lag":4,"n":12344,"plus_i":12344,"plus_j":6188,"same":6188,"corr":0.000000000,"note":"censored_or_degenerate"}
    9 10 48910 48910 24662 24662 0.000000 censored_or_degenerate
coupling_pair_jsonl={"gate_i":9,"gate_j":10,"lag":1,"n":48910,"plus_i":48910,"plus_j":24662,"same":24662,"corr":0.000000000,"note":"censored_or_degenerate"}
    9 11 24662 24662 12344 12344 0.000000 censored_or_degenerate
coupling_pair_jsonl={"gate_i":9,"gate_j":11,"lag":2,"n":24662,"plus_i":24662,"plus_j":12344,"same":12344,"corr":0.000000000,"note":"censored_or_degenerate"}
    9 12 12344 12344 6188 6188 0.000000 censored_or_degenerate
coupling_pair_jsonl={"gate_i":9,"gate_j":12,"lag":3,"n":12344,"plus_i":12344,"plus_j":6188,"same":6188,"corr":0.000000000,"note":"censored_or_degenerate"}
    10 11 24662 24662 12344 12344 0.000000 censored_or_degenerate
coupling_pair_jsonl={"gate_i":10,"gate_j":11,"lag":1,"n":24662,"plus_i":24662,"plus_j":12344,"same":12344,"corr":0.000000000,"note":"censored_or_degenerate"}
    10 12 12344 12344 6188 6188 0.000000 censored_or_degenerate
coupling_pair_jsonl={"gate_i":10,"gate_j":12,"lag":2,"n":12344,"plus_i":12344,"plus_j":6188,"same":6188,"corr":0.000000000,"note":"censored_or_degenerate"}
    11 12 12344 12344 6188 6188 0.000000 censored_or_degenerate
coupling_pair_jsonl={"gate_i":11,"gate_j":12,"lag":1,"n":12344,"plus_i":12344,"plus_j":6188,"same":6188,"corr":0.000000000,"note":"censored_or_degenerate"}
coupling_lag_jsonl={"lag":1,"n":6245692,"plus_i":6245692,"plus_j":3126224,"same":3126224,"corr":0.000000000}
coupling_lag_jsonl={"lag":2,"n":3120036,"plus_i":3120036,"plus_j":1562690,"same":1562690,"corr":0.000000000}
coupling_lag_jsonl={"lag":3,"n":1556502,"plus_i":1556502,"plus_j":778836,"same":778836,"corr":0.000000000}
coupling_lag_jsonl={"lag":4,"n":772648,"plus_i":772648,"plus_j":386220,"same":386220,"corr":0.000000000}
coupling_lag_jsonl={"lag":5,"n":380032,"plus_i":380032,"plus_j":190462,"same":190462,"corr":0.000000000}
coupling_lag_jsonl={"lag":6,"n":184274,"plus_i":184274,"plus_j":92104,"same":92104,"corr":0.000000000}
coupling_lag_jsonl={"lag":7,"n":85916,"plus_i":85916,"plus_j":43194,"same":43194,"corr":0.000000000}
coupling_lag_jsonl={"lag":8,"n":37006,"plus_i":37006,"plus_j":18532,"same":18532,"corr":0.000000000}
coupling_lag_jsonl={"lag":9,"n":12344,"plus_i":12344,"plus_j":6188,"same":6188,"corr":0.000000000}
  top sign-word buckets selected by prefix count-lift deviation (min prefix total 100):
    len word prefix_total held_total expected_prob prefix_count_lift held_count_lift prefix_target_lift held_target_lift held_residual_lift promotion
    5 ++++- 98856 98002 0.031250000 1.013 1.003 0.000 0.000 0.000 no
coupling_bucket_jsonl={"len":5,"word":"++++-","bucket":15,"prefix_total":98856,"prefix_survive":0,"held_total":98002,"held_survive":0,"expected_prob":0.031250000000,"prefix_count_lift":1.012571876,"held_count_lift":1.003380581,"prefix_target_lift":0.000000000,"held_target_lift":0.000000000,"prefix_residual_lift":0.000000000,"held_residual_lift":0.000000000,"promotion":"no"}
    6 ++++++ 49406 48952 0.015625000 1.012 1.002 61.571 65.526 1.024 no
coupling_bucket_jsonl={"len":6,"word":"++++++","bucket":63,"prefix_total":49406,"prefix_survive":3012,"held_total":48952,"held_survive":3176,"expected_prob":0.015625000000,"prefix_count_lift":1.012121189,"held_count_lift":1.002377221,"prefix_target_lift":61.571277272,"held_target_lift":65.525892203,"prefix_residual_lift":0.962051207,"held_residual_lift":1.023842066,"promotion":"no"}
    4 ++++ 197090 195526 0.062500000 1.009 1.001 15.435 16.405 1.025 no
coupling_bucket_jsonl={"len":4,"word":"++++","bucket":15,"prefix_total":197090,"prefix_survive":3012,"held_total":195526,"held_survive":3176,"expected_prob":0.062500000000,"prefix_count_lift":1.009386335,"held_count_lift":1.000933611,"prefix_target_lift":15.434524963,"held_target_lift":16.405099450,"prefix_residual_lift":0.964657810,"held_residual_lift":1.025318716,"promotion":"no"}
    3 +++ 393014 390840 0.125000000 1.006 1.000 7.740 8.207 1.026 no
coupling_bucket_jsonl={"len":3,"word":"+++","bucket":7,"prefix_total":393014,"prefix_survive":3012,"held_total":390840,"held_survive":3176,"expected_prob":0.125000000000,"prefix_count_lift":1.006400531,"held_count_lift":1.000390978,"prefix_target_lift":7.740158175,"held_target_lift":8.206998964,"prefix_residual_lift":0.967519772,"held_residual_lift":1.025874871,"promotion":"no"}
    5 +++++ 98234 97524 0.031250000 1.006 0.998 30.967 32.891 1.028 no
coupling_bucket_jsonl={"len":5,"word":"+++++","bucket":31,"prefix_total":98234,"prefix_survive":3012,"held_total":97524,"held_survive":3176,"expected_prob":0.031250000000,"prefix_count_lift":1.006200794,"held_count_lift":0.998486641,"prefix_target_lift":30.966778558,"held_target_lift":32.890606160,"prefix_residual_lift":0.967711830,"held_residual_lift":1.027831442,"promotion":"no"}
    4 +++- 195924 195314 0.062500000 1.003 1.000 0.000 0.000 0.000 no
coupling_bucket_jsonl={"len":4,"word":"+++-","bucket":7,"prefix_total":195924,"prefix_survive":0,"held_total":195314,"held_survive":0,"expected_prob":0.062500000000,"prefix_count_lift":1.003414726,"held_count_lift":0.999848344,"prefix_target_lift":0.000000000,"held_target_lift":0.000000000,"prefix_residual_lift":0.000000000,"held_residual_lift":0.000000000,"promotion":"no"}
    2 ++ 783210 780324 0.250000000 1.003 0.999 3.884 4.111 1.028 no
coupling_bucket_jsonl={"len":2,"word":"++","bucket":3,"prefix_total":783210,"prefix_survive":3012,"held_total":780324,"held_survive":3176,"expected_prob":0.250000000000,"prefix_count_lift":1.002792470,"held_count_lift":0.998655574,"prefix_target_lift":3.884003683,"held_target_lift":4.110630296,"prefix_residual_lift":0.971000921,"held_residual_lift":1.027657574,"promotion":"no"}
    2 +- 779946 782176 0.250000000 0.999 1.001 0.000 0.000 0.000 no
coupling_bucket_jsonl={"len":2,"word":"+-","bucket":1,"prefix_total":779946,"prefix_survive":0,"held_total":782176,"held_survive":0,"expected_prob":0.250000000000,"prefix_count_lift":0.998613368,"held_count_lift":1.001025757,"prefix_target_lift":0.000000000,"held_target_lift":0.000000000,"prefix_residual_lift":0.000000000,"held_residual_lift":0.000000000,"promotion":"no"}
    3 ++- 390196 389484 0.125000000 0.999 0.997 0.000 0.000 0.000 no
coupling_bucket_jsonl={"len":3,"word":"++-","bucket":3,"prefix_total":390196,"prefix_survive":0,"held_total":389484,"held_survive":0,"expected_prob":0.125000000000,"prefix_count_lift":0.999184409,"held_count_lift":0.996920171,"prefix_target_lift":0.000000000,"held_target_lift":0.000000000,"prefix_residual_lift":0.000000000,"held_residual_lift":0.000000000,"promotion":"no"}
    1 - 1560960 1562998 0.500000000 0.999 1.000 0.000 0.000 0.000 no
coupling_bucket_jsonl={"len":1,"word":"-","bucket":0,"prefix_total":1560960,"prefix_survive":0,"held_total":1562998,"held_survive":0,"expected_prob":0.500000000000,"prefix_count_lift":0.999297081,"held_count_lift":1.000159335,"prefix_target_lift":0.000000000,"held_target_lift":0.000000000,"prefix_residual_lift":0.000000000,"held_residual_lift":0.000000000,"promotion":"no"}
    1 + 1563156 1562500 0.500000000 1.001 1.000 1.946 2.053 1.026 no
coupling_bucket_jsonl={"len":1,"word":"+","bucket":1,"prefix_total":1563156,"prefix_survive":3012,"held_total":1562500,"held_survive":3176,"expected_prob":0.500000000000,"prefix_count_lift":1.000702919,"held_count_lift":0.999840665,"prefix_target_lift":1.946056903,"held_target_lift":2.052879024,"prefix_residual_lift":0.973028452,"held_residual_lift":1.026439512,"promotion":"no"}
    6 +++++- 48828 48572 0.015625000 1.000 0.995 0.000 0.000 0.000 no
coupling_bucket_jsonl={"len":6,"word":"+++++-","bucket":31,"prefix_total":48828,"prefix_survive":0,"held_total":48572,"held_survive":0,"expected_prob":0.015625000000,"prefix_count_lift":1.000280399,"held_count_lift":0.994596061,"prefix_target_lift":0.000000000,"held_target_lift":0.000000000,"prefix_residual_lift":0.000000000,"held_residual_lift":0.000000000,"promotion":"no"}
coupling_sample_jsonl={"raw_draw_index":18992,"source_hash":15874755889594020177,"root_index":0,"gate_count":1,"survived_target":0,"sign_word":"-","A":"726741056974364159518014041","c":"522446746013535655644363161","B_sqrt_ok":1,"B":"450600282728426787649618408","gates":[{"gate":3,"s":-1,"x":"487071983147184989471781277","r":"902229881953121555631859799"}]}
coupling_sample_jsonl={"raw_draw_index":18996,"source_hash":5571933389382814522,"root_index":0,"gate_count":7,"survived_target":0,"sign_word":"++++++-","A":"455901784368620785476861438","c":"285234116190963754959362209","B_sqrt_ok":1,"B":"36206225895690842092688467","gates":[{"gate":3,"s":1,"x":"705351222750663172861602958","r":"97924890624454836529594569"},{"gate":4,"s":1,"x":"185177545620727522575806897","r":"332889678260740673079633513"},{"gate":5,"s":1,"x":"382835289978201413217526362","r":"270023228024703580881951189"},{"gate":6,"s":1,"x":"344477565550509584712969036","r":"208860634753597360661362406"},{"gate":7,"s":1,"x":"526652034707966630810546363","r":"500284256480365194004618539"},{"gate":8,"s":1,"x":"104515522723553707416047811","r":"800708837595894145436778678"},{"gate":9,"s":-1,"x":"418026307474039879421380083","r":"662101263230472313861220912"}]}
coupling_sample_jsonl={"raw_draw_index":19019,"source_hash":16482779203079387805,"root_index":0,"gate_count":1,"survived_target":0,"sign_word":"-","A":"851312865818248590966669944","c":"360018549423174018989340430","B_sqrt_ok":1,"B":"129635731626014543091264724","gates":[{"gate":3,"s":-1,"x":"560369369746238470410221856","r":"938306929161691992415927521"}]}
coupling_sample_jsonl={"raw_draw_index":4126,"source_hash":11265659816313622213,"root_index":0,"gate_count":2,"survived_target":0,"sign_word":"+-","A":"909706654952197904282682405","c":"789601111438362033257803141","B_sqrt_ok":1,"B":"760796690610238359549377011","gates":[{"gate":3,"s":1,"x":"897299461217675318502684104","r":"755545554868215621774385012"},{"gate":4,"s":-1,"x":"91930548868521421879611082","r":"467103472516521572761054853"}]}
coupling_sample_jsonl={"raw_draw_index":2882,"source_hash":15455630150904521838,"root_index":0,"gate_count":1,"survived_target":0,"sign_word":"-","A":"456782798097219925012098328","c":"907881129757361600340355904","B_sqrt_ok":1,"B":"927568577083414990017096561","gates":[{"gate":3,"s":-1,"x":"651274940096945126125921140","r":"928551717601063910747861711"}]}
coupling_sample_jsonl={"raw_draw_index":13768,"source_hash":734017218592159311,"root_index":0,"gate_count":1,"survived_target":0,"sign_word":"-","A":"310964510352432410521962292","c":"543617791522253233703462883","B_sqrt_ok":1,"B":"74199650577179978456441340","gates":[{"gate":3,"s":-1,"x":"251421572766615068760403015","r":"509730883485593111418267600"}]}
coupling_sample_jsonl={"raw_draw_index":4210,"source_hash":2243679524016247352,"root_index":0,"gate_count":1,"survived_target":0,"sign_word":"-","A":"410669821280787122666763591","c":"652744400221821804440521890","B_sqrt_ok":1,"B":"894829312958679984311788454","gates":[{"gate":3,"s":-1,"x":"818756638580168566212686117","r":"137358657351074403393568150"}]}
coupling_sample_jsonl={"raw_draw_index":6612,"source_hash":14134132360777071399,"root_index":0,"gate_count":3,"survived_target":0,"sign_word":"++-","A":"856126221743408497242643387","c":"267186610928585046283251171","B_sqrt_ok":1,"B":"746568357213094462632507044","gates":[{"gate":3,"s":1,"x":"572354252757215886488880687","r":"829887208510552858667414638"},{"gate":4,"s":1,"x":"36101195636009513099665822","r":"475237445106841928168099421"},{"gate":5,"s":-1,"x":"821776036155038678287407886","r":"198224559871839790634955897"}]}
coupling_sample_jsonl={"raw_draw_index":17680,"source_hash":5911623327422356421,"root_index":0,"gate_count":3,"survived_target":0,"sign_word":"++-","A":"846873254149404507614886476","c":"900561326100650155113268727","B_sqrt_ok":1,"B":"463138021547133905177557847","gates":[{"gate":3,"s":1,"x":"562434009696594462382600829","r":"250089777555471277563470079"},{"gate":4,"s":1,"x":"110618162357364662432847222","r":"661818596381682138412193066"},{"gate":5,"s":-1,"x":"488941774433566797224809665","r":"904599885794142794310238845"}]}
coupling_sample_jsonl={"raw_draw_index":13568,"source_hash":1098126723617645017,"root_index":0,"gate_count":1,"survived_target":0,"sign_word":"-","A":"7993352847950257164528932","c":"147045684187624778750195846","B_sqrt_ok":1,"B":"483893150275702547891723670","gates":[{"gate":3,"s":-1,"x":"229747111693517428244017740","r":"823924832396216047268083714"}]}
coupling_sample_jsonl={"raw_draw_index":6735,"source_hash":13475783992862496415,"root_index":0,"gate_count":1,"survived_target":0,"sign_word":"-","A":"132018990291859389723365857","c":"14631138801586664542624508","B_sqrt_ok":1,"B":"212220241471176313777622336","gates":[{"gate":3,"s":-1,"x":"560345056513302020313301201","r":"950063013029776967438511421"}]}
coupling_sample_jsonl={"raw_draw_index":6488,"source_hash":12570103005352741328,"root_index":0,"gate_count":1,"survived_target":0,"sign_word":"-","A":"925261749312462470607525098","c":"577951912927887906563707240","B_sqrt_ok":1,"B":"412684858269161072077798283","gates":[{"gate":3,"s":-1,"x":"119898378544996451715465812","r":"303957736577847851228649317"}]}
coupling_sample_jsonl={"raw_draw_index":17752,"source_hash":7571231844175895378,"root_index":0,"gate_count":4,"survived_target":0,"sign_word":"+++-","A":"465497341046016532518441570","c":"408203112906173474008182730","B_sqrt_ok":1,"B":"584115307495040031979536723","gates":[{"gate":3,"s":1,"x":"355688348929376592375284084","r":"331929353600897088845532741"},{"gate":4,"s":1,"x":"325148677645695630932856483","r":"531919089342267134405884754"},{"gate":5,"s":1,"x":"525472065022427589835497333","r":"857855576387593645896048462"},{"gate":6,"s":-1,"x":"313827075047279254658374146","r":"961210401686684961126302986"}]}
coupling_sample_jsonl={"raw_draw_index":17254,"source_hash":10987864357535610690,"root_index":0,"gate_count":5,"survived_target":0,"sign_word":"++++-","A":"344007902097215063922201712","c":"282643265586180686494219752","B_sqrt_ok":1,"B":"324019443944798437028690685","gates":[{"gate":3,"s":1,"x":"739746182626564125576752772","r":"836064028061042736418417658"},{"gate":4,"s":1,"x":"966158113021381497009921738","r":"964488936821330875954686855"},{"gate":5,"s":1,"x":"727582856637873246912584672","r":"908391899930726025629827083"},{"gate":6,"s":1,"x":"243178619922790913478966265","r":"747174471902923823939552663"},{"gate":7,"s":-1,"x":"383812866841550549751607188","r":"542406202248681485223048737"}]}
coupling_sample_jsonl={"raw_draw_index":6664,"source_hash":5384332077219116882,"root_index":0,"gate_count":2,"survived_target":0,"sign_word":"+-","A":"156998510305189827231401606","c":"610030697789745470962808530","B_sqrt_ok":1,"B":"510998704391608685163332187","gates":[{"gate":3,"s":1,"x":"865033424780706430886358369","r":"46902378743191448407643895"},{"gate":4,"s":-1,"x":"549604802225482294248868699","r":"703178468977100081162513933"}]}
coupling_sample_jsonl={"raw_draw_index":6758,"source_hash":6982471852190393689,"root_index":0,"gate_count":1,"survived_target":0,"sign_word":"-","A":"7045407970147626118384598","c":"705813574948233097148762532","B_sqrt_ok":1,"B":"35129460959316203547448847","gates":[{"gate":3,"s":-1,"x":"168765585084576382453799894","r":"308002401432711458794747112"}]}
