Pomerance CUDA x16halvenonsplit prototype

p = 1000000000000000000000000103
mode = x16ecoverd4probe
seed_offset = 0
seed_mode = identity
max_trials = 100000000
chunk_trials = 100000000
probe_target_depth = 24
probe_prefix_filter_depth = 8
probe_bucket_bits = 6
k = 45
backend = u96
GPU = NVIDIA RTX 6000 Ada Generation  SMs=142  blocks=1136  threads=128  claim_batch=64

  probe_trials=97748578 elapsed=73.527 rate_Mps=1.329430 target_survivors=1494 y_draws=3128056040
  probe_trials=97843816 elapsed=73.600 rate_Mps=1.329401 target_survivors=1496 y_draws=3131183334
  probe_trials=97933254 elapsed=73.669 rate_Mps=1.329377 target_survivors=1498 y_draws=3134098331
  probe_trials=98017366 elapsed=73.733 rate_Mps=1.329359 target_survivors=1500 y_draws=3136824818
  probe_trials=98097508 elapsed=73.794 rate_Mps=1.329343 target_survivors=1504 y_draws=3139435583
  probe_trials=98173522 elapsed=73.852 rate_Mps=1.329330 target_survivors=1504 y_draws=3141897588
  probe_trials=98245614 elapsed=73.907 rate_Mps=1.329310 target_survivors=1504 y_draws=3144240883
  probe_trials=98313640 elapsed=73.959 rate_Mps=1.329292 target_survivors=1508 y_draws=3146479809
  probe_trials=98377890 elapsed=74.009 rate_Mps=1.329270 target_survivors=1508 y_draws=3148586862
  probe_trials=98439666 elapsed=74.057 rate_Mps=1.329246 target_survivors=1510 y_draws=3150609229
  probe_trials=98498506 elapsed=74.102 rate_Mps=1.329227 target_survivors=1510 y_draws=3152541627
  probe_trials=98554588 elapsed=74.145 rate_Mps=1.329206 target_survivors=1510 y_draws=3154395689
  probe_trials=98608346 elapsed=74.187 rate_Mps=1.329193 target_survivors=1510 y_draws=3156153812
  probe_trials=98659594 elapsed=74.226 rate_Mps=1.329181 target_survivors=1510 y_draws=3157826628
  probe_trials=98708378 elapsed=74.264 rate_Mps=1.329164 target_survivors=1510 y_draws=3159433634
  probe_trials=98755264 elapsed=74.300 rate_Mps=1.329145 target_survivors=1510 y_draws=3160984412
  probe_trials=98800124 elapsed=74.335 rate_Mps=1.329127 target_survivors=1512 y_draws=3162471651
  probe_trials=98843444 elapsed=74.369 rate_Mps=1.329097 target_survivors=1514 y_draws=3163929480
  probe_trials=98884720 elapsed=74.401 rate_Mps=1.329071 target_survivors=1514 y_draws=3165321080
  probe_trials=98924292 elapsed=74.432 rate_Mps=1.329055 target_survivors=1514 y_draws=3166620024
  probe_trials=98962284 elapsed=74.462 rate_Mps=1.329034 target_survivors=1514 y_draws=3167889834
  probe_trials=98998770 elapsed=74.491 rate_Mps=1.328997 target_survivors=1516 y_draws=3169136074
  probe_trials=99033742 elapsed=74.519 rate_Mps=1.328974 target_survivors=1516 y_draws=3170301639
  probe_trials=99067452 elapsed=74.546 rate_Mps=1.328950 target_survivors=1516 y_draws=3171446143
  probe_trials=99099838 elapsed=74.572 rate_Mps=1.328923 target_survivors=1516 y_draws=3172544532
  probe_trials=99130840 elapsed=74.596 rate_Mps=1.328907 target_survivors=1516 y_draws=3173586567
  probe_trials=99160736 elapsed=74.620 rate_Mps=1.328883 target_survivors=1516 y_draws=3174608868
  probe_trials=99189492 elapsed=74.642 rate_Mps=1.328861 target_survivors=1516 y_draws=3175585004
  probe_trials=99217200 elapsed=74.665 rate_Mps=1.328838 target_survivors=1516 y_draws=3176536710
  probe_trials=99243902 elapsed=74.686 rate_Mps=1.328807 target_survivors=1516 y_draws=3177464885
  probe_trials=99269432 elapsed=74.707 rate_Mps=1.328781 target_survivors=1516 y_draws=3178353804
  probe_trials=99294130 elapsed=74.727 rate_Mps=1.328755 target_survivors=1516 y_draws=3179211054
  probe_trials=99317830 elapsed=74.746 rate_Mps=1.328734 target_survivors=1516 y_draws=3180033999
  probe_trials=99340646 elapsed=74.765 rate_Mps=1.328714 target_survivors=1516 y_draws=3180819961
  probe_trials=99362750 elapsed=74.783 rate_Mps=1.328688 target_survivors=1516 y_draws=3181600246
  probe_trials=99383982 elapsed=74.800 rate_Mps=1.328663 target_survivors=1516 y_draws=3182340977
  probe_trials=99404458 elapsed=74.817 rate_Mps=1.328642 target_survivors=1516 y_draws=3183062730
  probe_trials=99424254 elapsed=74.833 rate_Mps=1.328622 target_survivors=1516 y_draws=3183752454
  probe_trials=99443244 elapsed=74.848 rate_Mps=1.328602 target_survivors=1516 y_draws=3184420508
  probe_trials=99461582 elapsed=74.863 rate_Mps=1.328577 target_survivors=1516 y_draws=3185077576
  probe_trials=99479378 elapsed=74.878 rate_Mps=1.328550 target_survivors=1516 y_draws=3185729992
  probe_trials=99496570 elapsed=74.892 rate_Mps=1.328527 target_survivors=1516 y_draws=3186350930
  probe_trials=99513032 elapsed=74.906 rate_Mps=1.328503 target_survivors=1518 y_draws=3186943156
  probe_trials=99528994 elapsed=74.919 rate_Mps=1.328480 target_survivors=1518 y_draws=3187521990
  probe_trials=99544334 elapsed=74.933 rate_Mps=1.328452 target_survivors=1518 y_draws=3188086248
  probe_trials=99559256 elapsed=74.945 rate_Mps=1.328427 target_survivors=1518 y_draws=3188633681
  probe_trials=99573588 elapsed=74.958 rate_Mps=1.328395 target_survivors=1518 y_draws=3189166750
  probe_trials=99587472 elapsed=74.970 rate_Mps=1.328367 target_survivors=1518 y_draws=3189682047
  probe_trials=99600856 elapsed=74.982 rate_Mps=1.328339 target_survivors=1518 y_draws=3190187795
  probe_trials=99613828 elapsed=74.993 rate_Mps=1.328311 target_survivors=1518 y_draws=3190679119
  probe_trials=99626394 elapsed=75.004 rate_Mps=1.328279 target_survivors=1518 y_draws=3191156318
  probe_trials=99638468 elapsed=75.014 rate_Mps=1.328256 target_survivors=1518 y_draws=3191607851
  probe_trials=99650102 elapsed=75.025 rate_Mps=1.328233 target_survivors=1518 y_draws=3192042991
  probe_trials=99661370 elapsed=75.034 rate_Mps=1.328209 target_survivors=1518 y_draws=3192475092
  probe_trials=99672234 elapsed=75.044 rate_Mps=1.328185 target_survivors=1520 y_draws=3192891684
  probe_trials=99682832 elapsed=75.053 rate_Mps=1.328160 target_survivors=1520 y_draws=3193297062
  probe_trials=99693044 elapsed=75.062 rate_Mps=1.328136 target_survivors=1520 y_draws=3193699928
  probe_trials=99702896 elapsed=75.071 rate_Mps=1.328108 target_survivors=1520 y_draws=3194097754
  probe_trials=99712406 elapsed=75.080 rate_Mps=1.328085 target_survivors=1520 y_draws=3194464684
  probe_trials=99721620 elapsed=75.088 rate_Mps=1.328062 target_survivors=1520 y_draws=3194828172
  probe_trials=99730530 elapsed=75.096 rate_Mps=1.328037 target_survivors=1520 y_draws=3195191324
  probe_trials=99739156 elapsed=75.104 rate_Mps=1.328015 target_survivors=1520 y_draws=3195538300
  probe_trials=99747478 elapsed=75.112 rate_Mps=1.327988 target_survivors=1520 y_draws=3195878712
  probe_trials=99755514 elapsed=75.119 rate_Mps=1.327964 target_survivors=1520 y_draws=3196198392
  probe_trials=99763286 elapsed=75.127 rate_Mps=1.327936 target_survivors=1520 y_draws=3196519069
  probe_trials=99770816 elapsed=75.134 rate_Mps=1.327909 target_survivors=1520 y_draws=3196836584
  probe_trials=99778106 elapsed=75.141 rate_Mps=1.327877 target_survivors=1520 y_draws=3197145614
  probe_trials=99785164 elapsed=75.148 rate_Mps=1.327848 target_survivors=1520 y_draws=3197446324
  probe_trials=99791992 elapsed=75.155 rate_Mps=1.327823 target_survivors=1520 y_draws=3197744609
  probe_trials=99798568 elapsed=75.161 rate_Mps=1.327794 target_survivors=1520 y_draws=3198024111
  probe_trials=99804942 elapsed=75.168 rate_Mps=1.327765 target_survivors=1520 y_draws=3198302216
  probe_trials=99811112 elapsed=75.174 rate_Mps=1.327739 target_survivors=1520 y_draws=3198571533
  probe_trials=99817072 elapsed=75.179 rate_Mps=1.327717 target_survivors=1520 y_draws=3198828339
  probe_trials=99822852 elapsed=75.185 rate_Mps=1.327695 target_survivors=1520 y_draws=3199081821
  probe_trials=99828456 elapsed=75.191 rate_Mps=1.327666 target_survivors=1520 y_draws=3199334241
  probe_trials=99833880 elapsed=75.197 rate_Mps=1.327639 target_survivors=1520 y_draws=3199579842
  probe_trials=99839128 elapsed=75.202 rate_Mps=1.327613 target_survivors=1520 y_draws=3199819875
  probe_trials=99844202 elapsed=75.207 rate_Mps=1.327590 target_survivors=1520 y_draws=3200054907
  probe_trials=99849112 elapsed=75.212 rate_Mps=1.327561 target_survivors=1520 y_draws=3200286509
  probe_trials=99853852 elapsed=75.217 rate_Mps=1.327535 target_survivors=1520 y_draws=3200515279
  probe_trials=99858446 elapsed=75.222 rate_Mps=1.327512 target_survivors=1520 y_draws=3200732793
  probe_trials=99862882 elapsed=75.227 rate_Mps=1.327492 target_survivors=1520 y_draws=3200940945
  probe_trials=99867190 elapsed=75.231 rate_Mps=1.327470 target_survivors=1520 y_draws=3201148512
  probe_trials=99871364 elapsed=75.236 rate_Mps=1.327441 target_survivors=1520 y_draws=3201357685
  probe_trials=99875396 elapsed=75.240 rate_Mps=1.327416 target_survivors=1520 y_draws=3201559472
  probe_trials=99879302 elapsed=75.245 rate_Mps=1.327394 target_survivors=1520 y_draws=3201746982
  probe_trials=99883090 elapsed=75.249 rate_Mps=1.327367 target_survivors=1520 y_draws=3201941152
  probe_trials=99886746 elapsed=75.253 rate_Mps=1.327342 target_survivors=1520 y_draws=3202128926
  probe_trials=99890290 elapsed=75.257 rate_Mps=1.327317 target_survivors=1522 y_draws=3202307044
  probe_trials=99893720 elapsed=75.261 rate_Mps=1.327290 target_survivors=1522 y_draws=3202489617
  probe_trials=99897042 elapsed=75.265 rate_Mps=1.327265 target_survivors=1522 y_draws=3202667868
  probe_trials=99900260 elapsed=75.269 rate_Mps=1.327238 target_survivors=1522 y_draws=3202839889
  probe_trials=99903378 elapsed=75.273 rate_Mps=1.327211 target_survivors=1522 y_draws=3203014750
  probe_trials=99906398 elapsed=75.277 rate_Mps=1.327184 target_survivors=1522 y_draws=3203183815
  probe_trials=99909324 elapsed=75.281 rate_Mps=1.327155 target_survivors=1522 y_draws=3203350620
  probe_trials=99912158 elapsed=75.285 rate_Mps=1.327124 target_survivors=1522 y_draws=3203513889
  probe_trials=99914904 elapsed=75.288 rate_Mps=1.327100 target_survivors=1522 y_draws=3203674366
  probe_trials=99917564 elapsed=75.292 rate_Mps=1.327075 target_survivors=1522 y_draws=3203832341
  probe_trials=99920142 elapsed=75.295 rate_Mps=1.327049 target_survivors=1522 y_draws=3203992679
  probe_trials=99922638 elapsed=75.298 rate_Mps=1.327024 target_survivors=1522 y_draws=3204147493
  probe_trials=99925056 elapsed=75.302 rate_Mps=1.326998 target_survivors=1522 y_draws=3204297403
  probe_trials=99927398 elapsed=75.305 rate_Mps=1.326974 target_survivors=1522 y_draws=3204450475
  probe_trials=99929668 elapsed=75.308 rate_Mps=1.326950 target_survivors=1522 y_draws=3204599214
  probe_trials=99931866 elapsed=75.311 rate_Mps=1.326927 target_survivors=1522 y_draws=3204744636
  probe_trials=99933996 elapsed=75.314 rate_Mps=1.326901 target_survivors=1522 y_draws=3204888052
  probe_trials=99936060 elapsed=75.317 rate_Mps=1.326876 target_survivors=1522 y_draws=3205031318
  probe_trials=99938060 elapsed=75.320 rate_Mps=1.326847 target_survivors=1522 y_draws=3205176400
  probe_trials=99939996 elapsed=75.323 rate_Mps=1.326813 target_survivors=1522 y_draws=3205320506
  probe_trials=99941872 elapsed=75.326 rate_Mps=1.326787 target_survivors=1522 y_draws=3205464130
  probe_trials=99943690 elapsed=75.329 rate_Mps=1.326760 target_survivors=1522 y_draws=3205607496
  probe_trials=99945450 elapsed=75.332 rate_Mps=1.326732 target_survivors=1522 y_draws=3205749170
  probe_trials=99947156 elapsed=75.335 rate_Mps=1.326703 target_survivors=1522 y_draws=3205890637
  probe_trials=99948808 elapsed=75.338 rate_Mps=1.326675 target_survivors=1522 y_draws=3206031406
  probe_trials=99950408 elapsed=75.341 rate_Mps=1.326644 target_survivors=1522 y_draws=3206172398
  probe_trials=99951958 elapsed=75.344 rate_Mps=1.326612 target_survivors=1522 y_draws=3206313154
  probe_trials=99953460 elapsed=75.347 rate_Mps=1.326581 target_survivors=1522 y_draws=3206453158
  probe_trials=99954916 elapsed=75.349 rate_Mps=1.326551 target_survivors=1522 y_draws=3206593181
  probe_trials=99956326 elapsed=75.353 rate_Mps=1.326514 target_survivors=1522 y_draws=3206733826
  probe_trials=99957692 elapsed=75.356 rate_Mps=1.326480 target_survivors=1522 y_draws=3206873690
  probe_trials=99959016 elapsed=75.358 rate_Mps=1.326449 target_survivors=1522 y_draws=3207013234
  probe_trials=99960298 elapsed=75.361 rate_Mps=1.326414 target_survivors=1522 y_draws=3207152976
  probe_trials=99961540 elapsed=75.364 rate_Mps=1.326383 target_survivors=1522 y_draws=3207292475
  probe_trials=99962742 elapsed=75.367 rate_Mps=1.326348 target_survivors=1522 y_draws=3207432577
  probe_trials=99963908 elapsed=75.370 rate_Mps=1.326317 target_survivors=1522 y_draws=3207571834
  probe_trials=99965036 elapsed=75.372 rate_Mps=1.326285 target_survivors=1522 y_draws=3207711492
  probe_trials=99966130 elapsed=75.375 rate_Mps=1.326246 target_survivors=1522 y_draws=3207851562
  probe_trials=99967190 elapsed=75.378 rate_Mps=1.326212 target_survivors=1522 y_draws=3207989950
  probe_trials=99968216 elapsed=75.380 rate_Mps=1.326182 target_survivors=1522 y_draws=3208128432
  probe_trials=99969210 elapsed=75.383 rate_Mps=1.326144 target_survivors=1522 y_draws=3208267252
  probe_trials=99970174 elapsed=75.386 rate_Mps=1.326111 target_survivors=1522 y_draws=3208406033
  probe_trials=99971108 elapsed=75.389 rate_Mps=1.326076 target_survivors=1522 y_draws=3208544928
  probe_trials=99972012 elapsed=75.391 rate_Mps=1.326039 target_survivors=1522 y_draws=3208683588
  probe_trials=99972888 elapsed=75.394 rate_Mps=1.325999 target_survivors=1522 y_draws=3208822072
  probe_trials=99973736 elapsed=75.397 rate_Mps=1.325967 target_survivors=1522 y_draws=3208960505
  probe_trials=99974558 elapsed=75.399 rate_Mps=1.325932 target_survivors=1522 y_draws=3209098824
  probe_trials=99975354 elapsed=75.402 rate_Mps=1.325898 target_survivors=1522 y_draws=3209237302
  probe_trials=99976126 elapsed=75.405 rate_Mps=1.325859 target_survivors=1522 y_draws=3209375274
  probe_trials=99976874 elapsed=75.407 rate_Mps=1.325823 target_survivors=1522 y_draws=3209513786
  probe_trials=99977598 elapsed=75.410 rate_Mps=1.325782 target_survivors=1522 y_draws=3209652166
  probe_trials=99978300 elapsed=75.413 rate_Mps=1.325746 target_survivors=1522 y_draws=3209790389
  probe_trials=99978980 elapsed=75.416 rate_Mps=1.325708 target_survivors=1522 y_draws=3209928861
  probe_trials=99979638 elapsed=75.418 rate_Mps=1.325670 target_survivors=1522 y_draws=3210066643
  probe_trials=99980276 elapsed=75.421 rate_Mps=1.325633 target_survivors=1522 y_draws=3210205168
  probe_trials=99980894 elapsed=75.423 rate_Mps=1.325601 target_survivors=1522 y_draws=3210343866
  probe_trials=99981492 elapsed=75.426 rate_Mps=1.325566 target_survivors=1522 y_draws=3210482124
  probe_trials=99982072 elapsed=75.428 rate_Mps=1.325530 target_survivors=1522 y_draws=3210620401
  probe_trials=99982634 elapsed=75.431 rate_Mps=1.325492 target_survivors=1522 y_draws=3210758845
  probe_trials=99983178 elapsed=75.433 rate_Mps=1.325456 target_survivors=1522 y_draws=3210897261
  probe_trials=99983704 elapsed=75.435 rate_Mps=1.325421 target_survivors=1522 y_draws=3211035535
  probe_trials=99984214 elapsed=75.438 rate_Mps=1.325380 target_survivors=1522 y_draws=3211173494
  probe_trials=99984708 elapsed=75.441 rate_Mps=1.325343 target_survivors=1522 y_draws=3211312149
  probe_trials=99985186 elapsed=75.443 rate_Mps=1.325300 target_survivors=1522 y_draws=3211450374
  probe_trials=99985650 elapsed=75.446 rate_Mps=1.325260 target_survivors=1522 y_draws=3211588092
  probe_trials=99986100 elapsed=75.449 rate_Mps=1.325222 target_survivors=1522 y_draws=3211726526
  probe_trials=99986536 elapsed=75.451 rate_Mps=1.325185 target_survivors=1522 y_draws=3211864594
  probe_trials=99986958 elapsed=75.453 rate_Mps=1.325151 target_survivors=1522 y_draws=3212002620
  probe_trials=99987366 elapsed=75.456 rate_Mps=1.325109 target_survivors=1522 y_draws=3212140203
  probe_trials=99987762 elapsed=75.458 rate_Mps=1.325073 target_survivors=1522 y_draws=3212278836
  probe_trials=99988146 elapsed=75.461 rate_Mps=1.325035 target_survivors=1522 y_draws=3212416450
  probe_trials=99988518 elapsed=75.464 rate_Mps=1.324991 target_survivors=1522 y_draws=3212554132
  probe_trials=99988878 elapsed=75.466 rate_Mps=1.324954 target_survivors=1522 y_draws=3212692060
  probe_trials=99989226 elapsed=75.468 rate_Mps=1.324917 target_survivors=1522 y_draws=3212829633
  probe_trials=99989564 elapsed=75.471 rate_Mps=1.324879 target_survivors=1522 y_draws=3212967674
  probe_trials=99989892 elapsed=75.473 rate_Mps=1.324838 target_survivors=1522 y_draws=3213105673
  probe_trials=99990208 elapsed=75.476 rate_Mps=1.324803 target_survivors=1522 y_draws=3213243362
  probe_trials=99990514 elapsed=75.478 rate_Mps=1.324764 target_survivors=1522 y_draws=3213381615
  probe_trials=99990812 elapsed=75.480 rate_Mps=1.324727 target_survivors=1522 y_draws=3213519642
  probe_trials=99991100 elapsed=75.483 rate_Mps=1.324688 target_survivors=1522 y_draws=3213657577
  probe_trials=99991380 elapsed=75.485 rate_Mps=1.324648 target_survivors=1522 y_draws=3213795436
  probe_trials=99991650 elapsed=75.488 rate_Mps=1.324611 target_survivors=1522 y_draws=3213933366
  probe_trials=99991912 elapsed=75.490 rate_Mps=1.324578 target_survivors=1522 y_draws=3214071244
  probe_trials=99992166 elapsed=75.492 rate_Mps=1.324541 target_survivors=1522 y_draws=3214208929
  probe_trials=99992412 elapsed=75.494 rate_Mps=1.324501 target_survivors=1522 y_draws=3214347083
  probe_trials=99992650 elapsed=75.497 rate_Mps=1.324466 target_survivors=1522 y_draws=3214484704
  probe_trials=99992880 elapsed=75.499 rate_Mps=1.324424 target_survivors=1522 y_draws=3214622879
  probe_trials=99993104 elapsed=75.501 rate_Mps=1.324388 target_survivors=1522 y_draws=3214761343
  probe_trials=99993320 elapsed=75.504 rate_Mps=1.324351 target_survivors=1522 y_draws=3214899306
  probe_trials=99993530 elapsed=75.506 rate_Mps=1.324305 target_survivors=1522 y_draws=3215037247
  probe_trials=99993734 elapsed=75.509 rate_Mps=1.324264 target_survivors=1522 y_draws=3215174892
  probe_trials=99993930 elapsed=75.511 rate_Mps=1.324224 target_survivors=1522 y_draws=3215312586
  probe_trials=99994120 elapsed=75.514 rate_Mps=1.324188 target_survivors=1522 y_draws=3215450817
  probe_trials=99994304 elapsed=75.516 rate_Mps=1.324153 target_survivors=1522 y_draws=3215589547
  probe_trials=99994482 elapsed=75.518 rate_Mps=1.324116 target_survivors=1522 y_draws=3215727089
  probe_trials=99994656 elapsed=75.520 rate_Mps=1.324081 target_survivors=1522 y_draws=3215865007
  probe_trials=99994824 elapsed=75.522 rate_Mps=1.324044 target_survivors=1522 y_draws=3216002538
  probe_trials=99994986 elapsed=75.525 rate_Mps=1.324004 target_survivors=1522 y_draws=3216140277
  probe_trials=99995144 elapsed=75.527 rate_Mps=1.323968 target_survivors=1522 y_draws=3216277728
  probe_trials=99995296 elapsed=75.529 rate_Mps=1.323930 target_survivors=1522 y_draws=3216415012
  probe_trials=99995444 elapsed=75.531 rate_Mps=1.323894 target_survivors=1522 y_draws=3216553168
  probe_trials=99995588 elapsed=75.533 rate_Mps=1.323859 target_survivors=1522 y_draws=3216690793
  probe_trials=99995726 elapsed=75.536 rate_Mps=1.323824 target_survivors=1522 y_draws=3216828499
  probe_trials=99995860 elapsed=75.538 rate_Mps=1.323789 target_survivors=1522 y_draws=3216966029
  probe_trials=99995990 elapsed=75.540 rate_Mps=1.323753 target_survivors=1522 y_draws=3217104005
  probe_trials=99996116 elapsed=75.542 rate_Mps=1.323714 target_survivors=1522 y_draws=3217241166
  probe_trials=99996238 elapsed=75.544 rate_Mps=1.323678 target_survivors=1522 y_draws=3217378527
  probe_trials=99996356 elapsed=75.547 rate_Mps=1.323639 target_survivors=1522 y_draws=3217516069
  probe_trials=99996470 elapsed=75.549 rate_Mps=1.323605 target_survivors=1522 y_draws=3217653645
  probe_trials=99996582 elapsed=75.551 rate_Mps=1.323568 target_survivors=1522 y_draws=3217791021
  probe_trials=99996690 elapsed=75.553 rate_Mps=1.323533 target_survivors=1522 y_draws=3217928361
  probe_trials=99996794 elapsed=75.555 rate_Mps=1.323495 target_survivors=1522 y_draws=3218065904
  probe_trials=99996896 elapsed=75.557 rate_Mps=1.323461 target_survivors=1522 y_draws=3218203168
  probe_trials=99996994 elapsed=75.559 rate_Mps=1.323421 target_survivors=1522 y_draws=3218340720
  probe_trials=99997088 elapsed=75.561 rate_Mps=1.323387 target_survivors=1522 y_draws=3218478287
  probe_trials=99997180 elapsed=75.564 rate_Mps=1.323351 target_survivors=1522 y_draws=3218615961
  probe_trials=99997270 elapsed=75.566 rate_Mps=1.323315 target_survivors=1522 y_draws=3218753398
  probe_trials=99997356 elapsed=75.568 rate_Mps=1.323280 target_survivors=1522 y_draws=3218891022
  probe_trials=99997440 elapsed=75.570 rate_Mps=1.323242 target_survivors=1522 y_draws=3219028105
  probe_trials=99997520 elapsed=75.572 rate_Mps=1.323208 target_survivors=1522 y_draws=3219165665
  probe_trials=99997598 elapsed=75.574 rate_Mps=1.323170 target_survivors=1522 y_draws=3219303129
  probe_trials=99997674 elapsed=75.576 rate_Mps=1.323137 target_survivors=1522 y_draws=3219440646
  probe_trials=99997748 elapsed=75.578 rate_Mps=1.323102 target_survivors=1522 y_draws=3219578197
  probe_trials=99997820 elapsed=75.580 rate_Mps=1.323069 target_survivors=1522 y_draws=3219715071
  probe_trials=99997890 elapsed=75.582 rate_Mps=1.323036 target_survivors=1522 y_draws=3219852233
  probe_trials=99997956 elapsed=75.584 rate_Mps=1.323003 target_survivors=1522 y_draws=3219989775
  probe_trials=99998020 elapsed=75.587 rate_Mps=1.322961 target_survivors=1522 y_draws=3220127170
  probe_trials=99998082 elapsed=75.589 rate_Mps=1.322925 target_survivors=1522 y_draws=3220264469
  probe_trials=99998142 elapsed=75.591 rate_Mps=1.322883 target_survivors=1522 y_draws=3220401847
  probe_trials=99998202 elapsed=75.593 rate_Mps=1.322848 target_survivors=1522 y_draws=3220539432
  probe_trials=99998260 elapsed=75.595 rate_Mps=1.322815 target_survivors=1522 y_draws=3220676397
  probe_trials=99998316 elapsed=75.597 rate_Mps=1.322785 target_survivors=1522 y_draws=3220813815
  probe_trials=99998370 elapsed=75.599 rate_Mps=1.322751 target_survivors=1522 y_draws=3220951234
  probe_trials=99998422 elapsed=75.601 rate_Mps=1.322711 target_survivors=1522 y_draws=3221088595
  probe_trials=99998472 elapsed=75.603 rate_Mps=1.322676 target_survivors=1522 y_draws=3221225714
  probe_trials=99998520 elapsed=75.605 rate_Mps=1.322636 target_survivors=1522 y_draws=3221363171
  probe_trials=99998568 elapsed=75.607 rate_Mps=1.322602 target_survivors=1522 y_draws=3221500301
  probe_trials=99998614 elapsed=75.610 rate_Mps=1.322566 target_survivors=1522 y_draws=3221637910
  probe_trials=99998658 elapsed=75.612 rate_Mps=1.322531 target_survivors=1522 y_draws=3221775123
  probe_trials=99998700 elapsed=75.613 rate_Mps=1.322498 target_survivors=1522 y_draws=3221912366
  probe_trials=99998742 elapsed=75.615 rate_Mps=1.322464 target_survivors=1522 y_draws=3222049842
  probe_trials=99998782 elapsed=75.617 rate_Mps=1.322430 target_survivors=1522 y_draws=3222187431
  probe_trials=99998822 elapsed=75.620 rate_Mps=1.322389 target_survivors=1522 y_draws=3222324612
  probe_trials=99998860 elapsed=75.622 rate_Mps=1.322356 target_survivors=1522 y_draws=3222461811
  probe_trials=99998896 elapsed=75.624 rate_Mps=1.322325 target_survivors=1522 y_draws=3222599220
  probe_trials=99998932 elapsed=75.625 rate_Mps=1.322294 target_survivors=1522 y_draws=3222736695
  probe_trials=99998966 elapsed=75.627 rate_Mps=1.322262 target_survivors=1522 y_draws=3222873861
  probe_trials=99999000 elapsed=75.629 rate_Mps=1.322226 target_survivors=1522 y_draws=3223010897
  probe_trials=99999032 elapsed=75.631 rate_Mps=1.322193 target_survivors=1522 y_draws=3223148093
  probe_trials=99999064 elapsed=75.633 rate_Mps=1.322159 target_survivors=1522 y_draws=3223285723
  probe_trials=99999094 elapsed=75.635 rate_Mps=1.322123 target_survivors=1522 y_draws=3223423049
  probe_trials=99999124 elapsed=75.637 rate_Mps=1.322090 target_survivors=1522 y_draws=3223560522
  probe_trials=99999152 elapsed=75.639 rate_Mps=1.322051 target_survivors=1522 y_draws=3223697897
  probe_trials=99999180 elapsed=75.641 rate_Mps=1.322017 target_survivors=1522 y_draws=3223835244
  probe_trials=99999206 elapsed=75.644 rate_Mps=1.321976 target_survivors=1522 y_draws=3223972221
  probe_trials=99999232 elapsed=75.645 rate_Mps=1.321946 target_survivors=1522 y_draws=3224109443
  probe_trials=99999256 elapsed=75.647 rate_Mps=1.321912 target_survivors=1522 y_draws=3224246439
  probe_trials=99999280 elapsed=75.650 rate_Mps=1.321875 target_survivors=1522 y_draws=3224383764
  probe_trials=99999304 elapsed=75.651 rate_Mps=1.321842 target_survivors=1522 y_draws=3224521437
  probe_trials=99999326 elapsed=75.653 rate_Mps=1.321810 target_survivors=1522 y_draws=3224658621
  probe_trials=99999348 elapsed=75.655 rate_Mps=1.321778 target_survivors=1522 y_draws=3224796012
  probe_trials=99999370 elapsed=75.657 rate_Mps=1.321748 target_survivors=1522 y_draws=3224933121
  probe_trials=99999390 elapsed=75.659 rate_Mps=1.321717 target_survivors=1522 y_draws=3225070114
  probe_trials=99999410 elapsed=75.661 rate_Mps=1.321683 target_survivors=1522 y_draws=3225207435
  probe_trials=99999430 elapsed=75.663 rate_Mps=1.321648 target_survivors=1522 y_draws=3225344355
  probe_trials=99999448 elapsed=75.665 rate_Mps=1.321616 target_survivors=1522 y_draws=3225481560
  probe_trials=99999466 elapsed=75.666 rate_Mps=1.321584 target_survivors=1522 y_draws=3225618386
  probe_trials=99999484 elapsed=75.668 rate_Mps=1.321551 target_survivors=1522 y_draws=3225755728
  probe_trials=99999502 elapsed=75.670 rate_Mps=1.321521 target_survivors=1522 y_draws=3225892855
  probe_trials=99999518 elapsed=75.672 rate_Mps=1.321491 target_survivors=1522 y_draws=3226030701
  probe_trials=99999534 elapsed=75.674 rate_Mps=1.321453 target_survivors=1522 y_draws=3226167675
  probe_trials=99999550 elapsed=75.676 rate_Mps=1.321420 target_survivors=1522 y_draws=3226304692
  probe_trials=99999566 elapsed=75.678 rate_Mps=1.321389 target_survivors=1522 y_draws=3226441372
  probe_trials=99999580 elapsed=75.680 rate_Mps=1.321353 target_survivors=1522 y_draws=3226578308
  probe_trials=99999594 elapsed=75.682 rate_Mps=1.321322 target_survivors=1522 y_draws=3226715177
  probe_trials=99999608 elapsed=75.683 rate_Mps=1.321289 target_survivors=1522 y_draws=3226852120
  probe_trials=99999622 elapsed=75.685 rate_Mps=1.321256 target_survivors=1522 y_draws=3226988983
  probe_trials=99999634 elapsed=75.687 rate_Mps=1.321224 target_survivors=1522 y_draws=3227125905
  probe_trials=99999646 elapsed=75.689 rate_Mps=1.321193 target_survivors=1522 y_draws=3227262887
  probe_trials=99999658 elapsed=75.691 rate_Mps=1.321162 target_survivors=1522 y_draws=3227399777
  probe_trials=99999670 elapsed=75.692 rate_Mps=1.321131 target_survivors=1522 y_draws=3227536724
  probe_trials=99999682 elapsed=75.694 rate_Mps=1.321100 target_survivors=1522 y_draws=3227673808
  probe_trials=99999692 elapsed=75.696 rate_Mps=1.321070 target_survivors=1522 y_draws=3227810896
  probe_trials=99999702 elapsed=75.698 rate_Mps=1.321040 target_survivors=1522 y_draws=3227948181
  probe_trials=99999712 elapsed=75.700 rate_Mps=1.321007 target_survivors=1522 y_draws=3228085131
  probe_trials=99999722 elapsed=75.702 rate_Mps=1.320968 target_survivors=1522 y_draws=3228222580
  probe_trials=99999732 elapsed=75.704 rate_Mps=1.320932 target_survivors=1522 y_draws=3228359650
  probe_trials=99999742 elapsed=75.706 rate_Mps=1.320903 target_survivors=1522 y_draws=3228496758
  probe_trials=99999752 elapsed=75.708 rate_Mps=1.320867 target_survivors=1522 y_draws=3228634347
  probe_trials=99999760 elapsed=75.709 rate_Mps=1.320836 target_survivors=1522 y_draws=3228771101
  probe_trials=99999768 elapsed=75.711 rate_Mps=1.320803 target_survivors=1522 y_draws=3228908294
  probe_trials=99999776 elapsed=75.713 rate_Mps=1.320769 target_survivors=1522 y_draws=3229045303
  probe_trials=99999784 elapsed=75.715 rate_Mps=1.320738 target_survivors=1522 y_draws=3229182542
  probe_trials=99999792 elapsed=75.717 rate_Mps=1.320705 target_survivors=1522 y_draws=3229319738
  probe_trials=99999800 elapsed=75.719 rate_Mps=1.320673 target_survivors=1522 y_draws=3229456843
  probe_trials=99999808 elapsed=75.721 rate_Mps=1.320642 target_survivors=1522 y_draws=3229594196
  probe_trials=99999814 elapsed=75.722 rate_Mps=1.320611 target_survivors=1522 y_draws=3229731627
  probe_trials=99999820 elapsed=75.724 rate_Mps=1.320581 target_survivors=1522 y_draws=3229868530
  probe_trials=99999826 elapsed=75.726 rate_Mps=1.320543 target_survivors=1522 y_draws=3230005641
  probe_trials=99999832 elapsed=75.728 rate_Mps=1.320513 target_survivors=1522 y_draws=3230142512
  probe_trials=99999838 elapsed=75.730 rate_Mps=1.320483 target_survivors=1522 y_draws=3230280020
  probe_trials=99999844 elapsed=75.731 rate_Mps=1.320453 target_survivors=1522 y_draws=3230416648
  probe_trials=99999850 elapsed=75.733 rate_Mps=1.320423 target_survivors=1522 y_draws=3230553658
  probe_trials=99999856 elapsed=75.735 rate_Mps=1.320387 target_survivors=1522 y_draws=3230690945
  probe_trials=99999862 elapsed=75.737 rate_Mps=1.320352 target_survivors=1522 y_draws=3230828145
  probe_trials=99999868 elapsed=75.739 rate_Mps=1.320321 target_survivors=1522 y_draws=3230965630
  probe_trials=99999874 elapsed=75.741 rate_Mps=1.320291 target_survivors=1522 y_draws=3231102368
  probe_trials=99999878 elapsed=75.742 rate_Mps=1.320262 target_survivors=1522 y_draws=3231239337
  probe_trials=99999882 elapsed=75.744 rate_Mps=1.320231 target_survivors=1522 y_draws=3231376421
  probe_trials=99999886 elapsed=75.746 rate_Mps=1.320201 target_survivors=1522 y_draws=3231513584
  probe_trials=99999890 elapsed=75.748 rate_Mps=1.320171 target_survivors=1522 y_draws=3231650721
  probe_trials=99999894 elapsed=75.749 rate_Mps=1.320140 target_survivors=1522 y_draws=3231787865
  probe_trials=99999898 elapsed=75.751 rate_Mps=1.320105 target_survivors=1522 y_draws=3231925081
  probe_trials=99999902 elapsed=75.753 rate_Mps=1.320073 target_survivors=1522 y_draws=3232062301
  probe_trials=99999906 elapsed=75.755 rate_Mps=1.320041 target_survivors=1522 y_draws=3232199485
  probe_trials=99999910 elapsed=75.757 rate_Mps=1.320011 target_survivors=1522 y_draws=3232336437
  probe_trials=99999914 elapsed=75.759 rate_Mps=1.319981 target_survivors=1522 y_draws=3232473531
  probe_trials=99999918 elapsed=75.760 rate_Mps=1.319950 target_survivors=1522 y_draws=3232610507
  probe_trials=99999922 elapsed=75.762 rate_Mps=1.319920 target_survivors=1522 y_draws=3232747803
  probe_trials=99999926 elapsed=75.764 rate_Mps=1.319889 target_survivors=1522 y_draws=3232884733
  probe_trials=99999930 elapsed=75.766 rate_Mps=1.319859 target_survivors=1522 y_draws=3233021914
  probe_trials=99999934 elapsed=75.767 rate_Mps=1.319829 target_survivors=1522 y_draws=3233159294
  probe_trials=99999938 elapsed=75.769 rate_Mps=1.319798 target_survivors=1522 y_draws=3233296402
  probe_trials=99999940 elapsed=75.771 rate_Mps=1.319768 target_survivors=1522 y_draws=3233433393
  probe_trials=99999942 elapsed=75.773 rate_Mps=1.319738 target_survivors=1522 y_draws=3233570149
  probe_trials=99999944 elapsed=75.774 rate_Mps=1.319708 target_survivors=1522 y_draws=3233707205
  probe_trials=99999946 elapsed=75.776 rate_Mps=1.319678 target_survivors=1522 y_draws=3233844151
  probe_trials=99999948 elapsed=75.778 rate_Mps=1.319648 target_survivors=1522 y_draws=3233981248
  probe_trials=99999950 elapsed=75.779 rate_Mps=1.319618 target_survivors=1522 y_draws=3234118267
  probe_trials=99999952 elapsed=75.781 rate_Mps=1.319588 target_survivors=1522 y_draws=3234255276
  probe_trials=99999954 elapsed=75.783 rate_Mps=1.319558 target_survivors=1522 y_draws=3234392381
  probe_trials=99999956 elapsed=75.785 rate_Mps=1.319528 target_survivors=1522 y_draws=3234529514
  probe_trials=99999958 elapsed=75.786 rate_Mps=1.319498 target_survivors=1522 y_draws=3234666321
  probe_trials=99999960 elapsed=75.788 rate_Mps=1.319467 target_survivors=1522 y_draws=3234803302
  probe_trials=99999962 elapsed=75.790 rate_Mps=1.319437 target_survivors=1522 y_draws=3234940123
  probe_trials=99999964 elapsed=75.792 rate_Mps=1.319407 target_survivors=1522 y_draws=3235077426
  probe_trials=99999966 elapsed=75.793 rate_Mps=1.319377 target_survivors=1522 y_draws=3235214494
  probe_trials=99999968 elapsed=75.795 rate_Mps=1.319346 target_survivors=1522 y_draws=3235351573
  probe_trials=99999970 elapsed=75.797 rate_Mps=1.319316 target_survivors=1522 y_draws=3235488899
  probe_trials=99999972 elapsed=75.799 rate_Mps=1.319285 target_survivors=1522 y_draws=3235626359
  probe_trials=99999974 elapsed=75.800 rate_Mps=1.319256 target_survivors=1522 y_draws=3235763271
  probe_trials=99999976 elapsed=75.802 rate_Mps=1.319226 target_survivors=1522 y_draws=3235900593
  probe_trials=99999978 elapsed=75.804 rate_Mps=1.319195 target_survivors=1522 y_draws=3236037577
  probe_trials=99999980 elapsed=75.806 rate_Mps=1.319165 target_survivors=1522 y_draws=3236174755
  probe_trials=99999982 elapsed=75.807 rate_Mps=1.319135 target_survivors=1522 y_draws=3236312002
  probe_trials=99999984 elapsed=75.809 rate_Mps=1.319104 target_survivors=1522 y_draws=3236449096
  probe_trials=99999986 elapsed=75.811 rate_Mps=1.319069 target_survivors=1522 y_draws=3236586281
  probe_trials=99999988 elapsed=75.813 rate_Mps=1.319039 target_survivors=1522 y_draws=3236723425
  probe_trials=99999990 elapsed=75.814 rate_Mps=1.319009 target_survivors=1522 y_draws=3236860368
  probe_trials=99999992 elapsed=75.816 rate_Mps=1.318978 target_survivors=1522 y_draws=3236997724
  probe_trials=99999994 elapsed=75.818 rate_Mps=1.318947 target_survivors=1522 y_draws=3237134631
  probe_trials=99999996 elapsed=75.820 rate_Mps=1.318917 target_survivors=1522 y_draws=3237271548
  probe_trials=99999998 elapsed=75.822 rate_Mps=1.318887 target_survivors=1522 y_draws=3237408687
  probe_trials=100000000 elapsed=75.823 rate_Mps=1.318857 target_survivors=1522 y_draws=3237545553

Stratum probe summary:
  mode=x16ecoverd4probe source_kind=ecover_random_affine_xplus1_prefix_d backend=u96 GPU="NVIDIA RTX 6000 Ada Generation" seed_mode=identity seed_offset=0
  prefix_filter_depth=8
  accepted_roots=100000000 y_draws=3237545553 nonsplit_y=809382603 sqrtD_y=404703032 roots_valid=808822790
  target_depth=24 survivors=1522 rate=0.000015220 elapsed=75.823244 accepted_rate_Mps=1.318857 source_draws_per_accepted=32.375456 target_per_source_draw=0.000000470109 target_survivor_per_sec=20.073000
  prefix total=50000000 survivors=720 rate=0.000014400
  heldout total=50000000 survivors=802 rate=0.000016040
  depth survival checkpoints:
    depth>=4 count=100000000 rate=1.000000000
    depth>=6 count=100000000 rate=1.000000000
    depth>=8 count=100000000 rate=1.000000000
    depth>=10 count=24991026 rate=0.249910260
    depth>=12 count=6244672 rate=0.062446720
    depth>=14 count=1561634 rate=0.015616340
    depth>=16 count=389766 rate=0.003897660
    depth>=18 count=96840 rate=0.000968400
    depth>=20 count=24444 rate=0.000244440
    depth>=22 count=6074 rate=0.000060740
    depth>=24 count=1522 rate=0.000015220
  top buckets selected by prefix lift (min prefix total 100):
    bucket q_sheet key prefix_total prefix_surv prefix_lift held_total held_surv held_lift promotion
    47 0 47 390392 12 2.135 390243 5 0.799 no
    24 0 24 390788 11 1.955 389879 10 1.599 no
    92 1 28 389776 10 1.782 390402 7 1.118 no
    101 1 37 389968 10 1.781 390288 8 1.278 no
    9 0 9 389999 10 1.781 391340 8 1.274 no
    111 1 47 390398 10 1.779 391403 9 1.434 no
    0 0 0 391868 10 1.772 390626 3 0.479 no
    87 1 23 390305 9 1.601 390108 8 1.279 no
    119 1 55 390709 9 1.600 391182 4 0.637 no
    122 1 58 390794 9 1.599 390713 6 0.957 no
    27 0 27 391060 9 1.598 390423 6 0.958 no
    63 0 63 391133 9 1.598 391529 5 0.796 no
scope_probe_jsonl={"mode":"x16ecoverd4probe","source_kind":"ecover_random_affine_xplus1_prefix_d","narrowing_source":true,"scope_narrowing":true,"p":"1000000000000000000000000103","backend":"u96","gpu":"NVIDIA RTX 6000 Ada Generation","seed_mode":"identity","seed_offset":0,"target_depth":24,"prefix_filter_depth":8,"bucket_bits":6,"elapsed":75.823244,"accepted_rate_Mps":1.318857,"accepted_roots":100000000,"source_draws":3237545553,"nonsplit_y":809382603,"sqrtD_y":404703032,"roots_valid":808822790,"target_survivors":1522,"target_rate":0.000015220000,"source_draws_per_accepted":32.375455530000,"target_per_source_draw":0.000000470109,"target_survivor_per_sec":20.073000,"prefix_total":50000000,"prefix_survive":720,"held_total":50000000,"held_survive":802,"survive_4":100000000,"survive_6":100000000,"survive_8":100000000,"survive_10":24991026,"survive_12":6244672,"survive_14":1561634,"survive_16":389766,"survive_18":96840,"survive_20":24444,"survive_22":6074,"survive_24":1522}

Probe completed in 75.82s. trials=100000000 interval_trials=100000000 rate_Mps=1.318857
