Pomerance CUDA x16halvenonsplit prototype

p = 1000000000000000000000000103
mode = x16stratumprobe
seed_offset = 0
seed_mode = identity
max_trials = 100000000
chunk_trials = 100000000
probe_target_depth = 24
probe_prefix_filter_depth = 4
probe_bucket_bits = 6
k = 45
backend = u96
GPU = NVIDIA RTX 6000 Ada Generation  SMs=142  blocks=1136  threads=128  claim_batch=64

  probe_trials=97778698 elapsed=3.745 rate_Mps=26.109895 target_survivors=110 y_draws=195508828
  probe_trials=97865502 elapsed=3.749 rate_Mps=26.101178 target_survivors=110 y_draws=195723578
  probe_trials=97947240 elapsed=3.754 rate_Mps=26.092366 target_survivors=110 y_draws=195929455
  probe_trials=98025082 elapsed=3.758 rate_Mps=26.083472 target_survivors=110 y_draws=196128814
  probe_trials=98098808 elapsed=3.762 rate_Mps=26.076114 target_survivors=110 y_draws=196319918
  probe_trials=98168762 elapsed=3.766 rate_Mps=26.067358 target_survivors=110 y_draws=196503859
  probe_trials=98235066 elapsed=3.770 rate_Mps=26.059917 target_survivors=110 y_draws=196680924
  probe_trials=98298276 elapsed=3.773 rate_Mps=26.051332 target_survivors=110 y_draws=196853568
  probe_trials=98358378 elapsed=3.777 rate_Mps=26.043002 target_survivors=110 y_draws=197020084
  probe_trials=98415456 elapsed=3.780 rate_Mps=26.032631 target_survivors=110 y_draws=197179838
  probe_trials=98470076 elapsed=3.784 rate_Mps=26.022774 target_survivors=110 y_draws=197336013
  probe_trials=98521824 elapsed=3.787 rate_Mps=26.014906 target_survivors=110 y_draws=197487506
  probe_trials=98571028 elapsed=3.790 rate_Mps=26.008407 target_survivors=110 y_draws=197633100
  probe_trials=98617968 elapsed=3.793 rate_Mps=26.000579 target_survivors=110 y_draws=197775345
  probe_trials=98662880 elapsed=3.796 rate_Mps=25.994609 target_survivors=110 y_draws=197913321
  probe_trials=98705630 elapsed=3.798 rate_Mps=25.988486 target_survivors=110 y_draws=198047454
  probe_trials=98746850 elapsed=3.801 rate_Mps=25.981581 target_survivors=110 y_draws=198180139
  probe_trials=98786730 elapsed=3.803 rate_Mps=25.972828 target_survivors=110 y_draws=198312268
  probe_trials=98824894 elapsed=3.806 rate_Mps=25.967914 target_survivors=110 y_draws=198441500
  probe_trials=98861756 elapsed=3.808 rate_Mps=25.961426 target_survivors=110 y_draws=198569172
  probe_trials=98897346 elapsed=3.810 rate_Mps=25.955109 target_survivors=110 y_draws=198696768
  probe_trials=98931810 elapsed=3.813 rate_Mps=25.948262 target_survivors=110 y_draws=198822145
  probe_trials=98965210 elapsed=3.815 rate_Mps=25.941033 target_survivors=110 y_draws=198946344
  probe_trials=98997582 elapsed=3.817 rate_Mps=25.934297 target_survivors=110 y_draws=199068744
  probe_trials=99028916 elapsed=3.820 rate_Mps=25.927126 target_survivors=110 y_draws=199189321
  probe_trials=99059266 elapsed=3.822 rate_Mps=25.919854 target_survivors=110 y_draws=199308529
  probe_trials=99088664 elapsed=3.824 rate_Mps=25.912776 target_survivors=110 y_draws=199426823
  probe_trials=99117152 elapsed=3.826 rate_Mps=25.905293 target_survivors=110 y_draws=199543407
  probe_trials=99144760 elapsed=3.829 rate_Mps=25.895493 target_survivors=110 y_draws=199658550
  probe_trials=99171488 elapsed=3.831 rate_Mps=25.887425 target_survivors=110 y_draws=199771640
  probe_trials=99197380 elapsed=3.833 rate_Mps=25.879414 target_survivors=110 y_draws=199883787
  probe_trials=99222462 elapsed=3.835 rate_Mps=25.869524 target_survivors=110 y_draws=199995482
  probe_trials=99246762 elapsed=3.838 rate_Mps=25.860451 target_survivors=110 y_draws=200106080
  probe_trials=99270302 elapsed=3.840 rate_Mps=25.853972 target_survivors=110 y_draws=200216264
  probe_trials=99293106 elapsed=3.842 rate_Mps=25.846184 target_survivors=110 y_draws=200325026
  probe_trials=99315198 elapsed=3.844 rate_Mps=25.837453 target_survivors=110 y_draws=200433288
  probe_trials=99336600 elapsed=3.846 rate_Mps=25.829790 target_survivors=110 y_draws=200539992
  probe_trials=99357332 elapsed=3.848 rate_Mps=25.821085 target_survivors=110 y_draws=200645374
  probe_trials=99377416 elapsed=3.850 rate_Mps=25.813225 target_survivors=110 y_draws=200750061
  probe_trials=99396872 elapsed=3.852 rate_Mps=25.804829 target_survivors=110 y_draws=200854207
  probe_trials=99415720 elapsed=3.854 rate_Mps=25.796365 target_survivors=110 y_draws=200956542
  probe_trials=99433980 elapsed=3.856 rate_Mps=25.787788 target_survivors=110 y_draws=201058163
  probe_trials=99451670 elapsed=3.858 rate_Mps=25.780001 target_survivors=110 y_draws=201157858
  probe_trials=99468806 elapsed=3.860 rate_Mps=25.771445 target_survivors=110 y_draws=201257816
  probe_trials=99485406 elapsed=3.861 rate_Mps=25.763596 target_survivors=110 y_draws=201357151
  probe_trials=99501488 elapsed=3.864 rate_Mps=25.753069 target_survivors=110 y_draws=201455889
  probe_trials=99517068 elapsed=3.865 rate_Mps=25.746127 target_survivors=110 y_draws=201553439
  probe_trials=99532160 elapsed=3.867 rate_Mps=25.738317 target_survivors=110 y_draws=201651272
  probe_trials=99546780 elapsed=3.869 rate_Mps=25.729762 target_survivors=110 y_draws=201748434
  probe_trials=99560944 elapsed=3.871 rate_Mps=25.721180 target_survivors=110 y_draws=201844927
  probe_trials=99574666 elapsed=3.873 rate_Mps=25.712643 target_survivors=110 y_draws=201941249
  probe_trials=99587958 elapsed=3.874 rate_Mps=25.703777 target_survivors=110 y_draws=202036950
  probe_trials=99600836 elapsed=3.876 rate_Mps=25.694956 target_survivors=110 y_draws=202132057
  probe_trials=99613310 elapsed=3.878 rate_Mps=25.686457 target_survivors=110 y_draws=202226617
  probe_trials=99625396 elapsed=3.880 rate_Mps=25.677843 target_survivors=110 y_draws=202320483
  probe_trials=99637104 elapsed=3.882 rate_Mps=25.669444 target_survivors=110 y_draws=202413685
  probe_trials=99648446 elapsed=3.883 rate_Mps=25.660915 target_survivors=110 y_draws=202506222
  probe_trials=99659434 elapsed=3.885 rate_Mps=25.651915 target_survivors=110 y_draws=202597609
  probe_trials=99670078 elapsed=3.887 rate_Mps=25.643125 target_survivors=110 y_draws=202688016
  probe_trials=99680390 elapsed=3.889 rate_Mps=25.634483 target_survivors=110 y_draws=202778357
  probe_trials=99690378 elapsed=3.890 rate_Mps=25.624177 target_survivors=110 y_draws=202867552
  probe_trials=99700054 elapsed=3.892 rate_Mps=25.615058 target_survivors=110 y_draws=202956236
  probe_trials=99709428 elapsed=3.894 rate_Mps=25.605995 target_survivors=110 y_draws=203043477
  probe_trials=99718510 elapsed=3.896 rate_Mps=25.596728 target_survivors=110 y_draws=203129774
  probe_trials=99727308 elapsed=3.898 rate_Mps=25.585013 target_survivors=110 y_draws=203216038
  probe_trials=99735830 elapsed=3.900 rate_Mps=25.574084 target_survivors=110 y_draws=203302225
  probe_trials=99744086 elapsed=3.902 rate_Mps=25.563562 target_survivors=110 y_draws=203388273
  probe_trials=99752084 elapsed=3.904 rate_Mps=25.553810 target_survivors=110 y_draws=203474123
  probe_trials=99759832 elapsed=3.906 rate_Mps=25.542764 target_survivors=110 y_draws=203559714
  probe_trials=99767338 elapsed=3.907 rate_Mps=25.533796 target_survivors=110 y_draws=203645509
  probe_trials=99774610 elapsed=3.909 rate_Mps=25.525123 target_survivors=110 y_draws=203730910
  probe_trials=99781654 elapsed=3.911 rate_Mps=25.516300 target_survivors=110 y_draws=203816183
  probe_trials=99788478 elapsed=3.912 rate_Mps=25.506517 target_survivors=110 y_draws=203901131
  probe_trials=99795090 elapsed=3.914 rate_Mps=25.496891 target_survivors=110 y_draws=203985829
  probe_trials=99801494 elapsed=3.916 rate_Mps=25.486019 target_survivors=110 y_draws=204070427
  probe_trials=99807698 elapsed=3.918 rate_Mps=25.476715 target_survivors=110 y_draws=204154734
  probe_trials=99813708 elapsed=3.919 rate_Mps=25.466370 target_survivors=110 y_draws=204239149
  probe_trials=99819530 elapsed=3.921 rate_Mps=25.457265 target_survivors=110 y_draws=204323239
  probe_trials=99825170 elapsed=3.923 rate_Mps=25.446423 target_survivors=110 y_draws=204407401
  probe_trials=99830634 elapsed=3.925 rate_Mps=25.437043 target_survivors=110 y_draws=204490647
  probe_trials=99835928 elapsed=3.927 rate_Mps=25.426142 target_survivors=110 y_draws=204573790
  probe_trials=99841056 elapsed=3.928 rate_Mps=25.415003 target_survivors=110 y_draws=204657247
  probe_trials=99846024 elapsed=3.930 rate_Mps=25.405977 target_survivors=110 y_draws=204740122
  probe_trials=99850836 elapsed=3.932 rate_Mps=25.391570 target_survivors=110 y_draws=204823025
  probe_trials=99855498 elapsed=3.934 rate_Mps=25.382159 target_survivors=110 y_draws=204905601
  probe_trials=99860014 elapsed=3.936 rate_Mps=25.372976 target_survivors=110 y_draws=204988206
  probe_trials=99864390 elapsed=3.937 rate_Mps=25.363224 target_survivors=110 y_draws=205070713
  probe_trials=99868628 elapsed=3.939 rate_Mps=25.354428 target_survivors=110 y_draws=205152730
  probe_trials=99872734 elapsed=3.941 rate_Mps=25.344343 target_survivors=110 y_draws=205235145
  probe_trials=99876712 elapsed=3.942 rate_Mps=25.334848 target_survivors=110 y_draws=205317320
  probe_trials=99880566 elapsed=3.944 rate_Mps=25.324630 target_survivors=110 y_draws=205399344
  probe_trials=99884300 elapsed=3.946 rate_Mps=25.315469 target_survivors=110 y_draws=205481123
  probe_trials=99887916 elapsed=3.948 rate_Mps=25.303864 target_survivors=110 y_draws=205562868
  probe_trials=99891420 elapsed=3.949 rate_Mps=25.294243 target_survivors=110 y_draws=205644083
  probe_trials=99894814 elapsed=3.951 rate_Mps=25.284496 target_survivors=110 y_draws=205725866
  probe_trials=99898102 elapsed=3.952 rate_Mps=25.275041 target_survivors=110 y_draws=205807379
  probe_trials=99901288 elapsed=3.954 rate_Mps=25.266612 target_survivors=110 y_draws=205888883
  probe_trials=99904374 elapsed=3.955 rate_Mps=25.257482 target_survivors=110 y_draws=205969934
  probe_trials=99907364 elapsed=3.957 rate_Mps=25.247532 target_survivors=110 y_draws=206050769
  probe_trials=99910260 elapsed=3.959 rate_Mps=25.236509 target_survivors=110 y_draws=206131535
  probe_trials=99913066 elapsed=3.960 rate_Mps=25.227763 target_survivors=110 y_draws=206211301
  probe_trials=99915784 elapsed=3.962 rate_Mps=25.217739 target_survivors=110 y_draws=206291731
  probe_trials=99918416 elapsed=3.964 rate_Mps=25.208764 target_survivors=110 y_draws=206371615
  probe_trials=99920966 elapsed=3.965 rate_Mps=25.198592 target_survivors=110 y_draws=206452185
  probe_trials=99923436 elapsed=3.967 rate_Mps=25.189749 target_survivors=110 y_draws=206532121
  probe_trials=99925830 elapsed=3.968 rate_Mps=25.181163 target_survivors=110 y_draws=206611635
  probe_trials=99928148 elapsed=3.970 rate_Mps=25.171614 target_survivors=110 y_draws=206690829
  probe_trials=99930394 elapsed=3.971 rate_Mps=25.162065 target_survivors=110 y_draws=206770148
  probe_trials=99932570 elapsed=3.973 rate_Mps=25.151819 target_survivors=110 y_draws=206849711
  probe_trials=99934678 elapsed=3.975 rate_Mps=25.142300 target_survivors=110 y_draws=206928869
  probe_trials=99936720 elapsed=3.976 rate_Mps=25.133164 target_survivors=110 y_draws=207007615
  probe_trials=99938698 elapsed=3.978 rate_Mps=25.124034 target_survivors=110 y_draws=207087088
  probe_trials=99940614 elapsed=3.980 rate_Mps=25.112421 target_survivors=110 y_draws=207166392
  probe_trials=99942470 elapsed=3.981 rate_Mps=25.103254 target_survivors=110 y_draws=207246314
  probe_trials=99944268 elapsed=3.983 rate_Mps=25.093737 target_survivors=110 y_draws=207323827
  probe_trials=99946010 elapsed=3.984 rate_Mps=25.084817 target_survivors=110 y_draws=207402026
  probe_trials=99947698 elapsed=3.986 rate_Mps=25.074030 target_survivors=110 y_draws=207480590
  probe_trials=99949334 elapsed=3.988 rate_Mps=25.063697 target_survivors=110 y_draws=207559272
  probe_trials=99950918 elapsed=3.989 rate_Mps=25.053575 target_survivors=110 y_draws=207636848
  probe_trials=99952452 elapsed=3.991 rate_Mps=25.044455 target_survivors=110 y_draws=207713842
  probe_trials=99953938 elapsed=3.993 rate_Mps=25.034486 target_survivors=110 y_draws=207791341
  probe_trials=99955378 elapsed=3.994 rate_Mps=25.025558 target_survivors=110 y_draws=207868813
  probe_trials=99956774 elapsed=3.996 rate_Mps=25.017105 target_survivors=110 y_draws=207945717
  probe_trials=99958126 elapsed=3.997 rate_Mps=25.008254 target_survivors=110 y_draws=208023150
  probe_trials=99959436 elapsed=3.999 rate_Mps=24.998980 target_survivors=110 y_draws=208099935
  probe_trials=99960704 elapsed=4.000 rate_Mps=24.989756 target_survivors=110 y_draws=208176645
  probe_trials=99961932 elapsed=4.002 rate_Mps=24.979587 target_survivors=110 y_draws=208254078
  probe_trials=99963122 elapsed=4.003 rate_Mps=24.971509 target_survivors=110 y_draws=208330672
  probe_trials=99964276 elapsed=4.004 rate_Mps=24.963984 target_survivors=110 y_draws=208407243
  probe_trials=99965394 elapsed=4.006 rate_Mps=24.955448 target_survivors=110 y_draws=208484099
  probe_trials=99966476 elapsed=4.007 rate_Mps=24.947371 target_survivors=110 y_draws=208560780
  probe_trials=99967524 elapsed=4.009 rate_Mps=24.936486 target_survivors=110 y_draws=208637040
  probe_trials=99968540 elapsed=4.010 rate_Mps=24.928139 target_survivors=110 y_draws=208714378
  probe_trials=99969524 elapsed=4.012 rate_Mps=24.919477 target_survivors=110 y_draws=208790836
  probe_trials=99970478 elapsed=4.013 rate_Mps=24.911053 target_survivors=110 y_draws=208867429
  probe_trials=99971402 elapsed=4.014 rate_Mps=24.903268 target_survivors=110 y_draws=208943930
  probe_trials=99972296 elapsed=4.016 rate_Mps=24.894127 target_survivors=110 y_draws=209020698
  probe_trials=99973162 elapsed=4.017 rate_Mps=24.885363 target_survivors=110 y_draws=209096470
  probe_trials=99974002 elapsed=4.019 rate_Mps=24.876554 target_survivors=110 y_draws=209172654
  probe_trials=99974816 elapsed=4.020 rate_Mps=24.866838 target_survivors=110 y_draws=209248885
  probe_trials=99975604 elapsed=4.022 rate_Mps=24.859541 target_survivors=110 y_draws=209325216
  probe_trials=99976368 elapsed=4.023 rate_Mps=24.852257 target_survivors=110 y_draws=209400667
  probe_trials=99977108 elapsed=4.024 rate_Mps=24.844792 target_survivors=110 y_draws=209476634
  probe_trials=99977824 elapsed=4.026 rate_Mps=24.832683 target_survivors=110 y_draws=209552591
  probe_trials=99978518 elapsed=4.027 rate_Mps=24.824661 target_survivors=110 y_draws=209628374
  probe_trials=99979190 elapsed=4.029 rate_Mps=24.814500 target_survivors=110 y_draws=209703993
  probe_trials=99979842 elapsed=4.031 rate_Mps=24.804459 target_survivors=110 y_draws=209778882
  probe_trials=99980472 elapsed=4.032 rate_Mps=24.794430 target_survivors=110 y_draws=209854366
  probe_trials=99981084 elapsed=4.034 rate_Mps=24.784415 target_survivors=110 y_draws=209930618
  probe_trials=99981676 elapsed=4.035 rate_Mps=24.776597 target_survivors=110 y_draws=210005664
  probe_trials=99982250 elapsed=4.037 rate_Mps=24.768149 target_survivors=110 y_draws=210081325
  probe_trials=99982806 elapsed=4.038 rate_Mps=24.758296 target_survivors=110 y_draws=210157163
  probe_trials=99983344 elapsed=4.040 rate_Mps=24.750041 target_survivors=110 y_draws=210232306
  probe_trials=99983866 elapsed=4.041 rate_Mps=24.740729 target_survivors=110 y_draws=210307049
  probe_trials=99984372 elapsed=4.043 rate_Mps=24.731956 target_survivors=110 y_draws=210381052
  probe_trials=99984862 elapsed=4.044 rate_Mps=24.724114 target_survivors=110 y_draws=210456041
  probe_trials=99985336 elapsed=4.045 rate_Mps=24.715875 target_survivors=110 y_draws=210531787
  probe_trials=99985796 elapsed=4.047 rate_Mps=24.707135 target_survivors=110 y_draws=210607187
  probe_trials=99986240 elapsed=4.048 rate_Mps=24.700427 target_survivors=110 y_draws=210681835
  probe_trials=99986670 elapsed=4.049 rate_Mps=24.692273 target_survivors=110 y_draws=210756624
  probe_trials=99987088 elapsed=4.051 rate_Mps=24.684917 target_survivors=110 y_draws=210831660
  probe_trials=99987492 elapsed=4.052 rate_Mps=24.676910 target_survivors=110 y_draws=210907227
  probe_trials=99987884 elapsed=4.053 rate_Mps=24.668279 target_survivors=110 y_draws=210982116
  probe_trials=99988264 elapsed=4.055 rate_Mps=24.660701 target_survivors=110 y_draws=211057154
  probe_trials=99988632 elapsed=4.056 rate_Mps=24.653247 target_survivors=110 y_draws=211132032
  probe_trials=99988988 elapsed=4.057 rate_Mps=24.645545 target_survivors=110 y_draws=211207542
  probe_trials=99989334 elapsed=4.058 rate_Mps=24.637653 target_survivors=110 y_draws=211281662
  probe_trials=99989668 elapsed=4.060 rate_Mps=24.629222 target_survivors=110 y_draws=211357011
  probe_trials=99989992 elapsed=4.061 rate_Mps=24.621539 target_survivors=110 y_draws=211430811
  probe_trials=99990306 elapsed=4.062 rate_Mps=24.613784 target_survivors=110 y_draws=211507107
  probe_trials=99990610 elapsed=4.063 rate_Mps=24.607161 target_survivors=110 y_draws=211581742
  probe_trials=99990904 elapsed=4.065 rate_Mps=24.599353 target_survivors=110 y_draws=211656144
  probe_trials=99991190 elapsed=4.066 rate_Mps=24.592820 target_survivors=110 y_draws=211731526
  probe_trials=99991466 elapsed=4.067 rate_Mps=24.585028 target_survivors=110 y_draws=211805530
  probe_trials=99991734 elapsed=4.069 rate_Mps=24.576011 target_survivors=110 y_draws=211879490
  probe_trials=99991994 elapsed=4.070 rate_Mps=24.569263 target_survivors=110 y_draws=211954735
  probe_trials=99992246 elapsed=4.071 rate_Mps=24.561283 target_survivors=110 y_draws=212028957
  probe_trials=99992490 elapsed=4.072 rate_Mps=24.553741 target_survivors=110 y_draws=212103573
  probe_trials=99992726 elapsed=4.074 rate_Mps=24.544418 target_survivors=110 y_draws=212176827
  probe_trials=99992954 elapsed=4.075 rate_Mps=24.536661 target_survivors=110 y_draws=212250967
  probe_trials=99993176 elapsed=4.077 rate_Mps=24.526542 target_survivors=110 y_draws=212325099
  probe_trials=99993390 elapsed=4.078 rate_Mps=24.518079 target_survivors=110 y_draws=212400292
  probe_trials=99993598 elapsed=4.080 rate_Mps=24.508306 target_survivors=110 y_draws=212474152
  probe_trials=99993800 elapsed=4.081 rate_Mps=24.501263 target_survivors=110 y_draws=212548844
  probe_trials=99993994 elapsed=4.082 rate_Mps=24.495294 target_survivors=110 y_draws=212622153
  probe_trials=99994182 elapsed=4.083 rate_Mps=24.488439 target_survivors=110 y_draws=212697379
  probe_trials=99994364 elapsed=4.085 rate_Mps=24.479714 target_survivors=110 y_draws=212770739
  probe_trials=99994542 elapsed=4.086 rate_Mps=24.472672 target_survivors=110 y_draws=212845058
  probe_trials=99994714 elapsed=4.087 rate_Mps=24.464284 target_survivors=110 y_draws=212919171
  probe_trials=99994880 elapsed=4.088 rate_Mps=24.457635 target_survivors=110 y_draws=212992879
  probe_trials=99995040 elapsed=4.090 rate_Mps=24.449148 target_survivors=110 y_draws=213067549
  probe_trials=99995196 elapsed=4.091 rate_Mps=24.441674 target_survivors=110 y_draws=213141523
  probe_trials=99995348 elapsed=4.092 rate_Mps=24.434878 target_survivors=110 y_draws=213216087
  probe_trials=99995494 elapsed=4.094 rate_Mps=24.427743 target_survivors=110 y_draws=213290152
  probe_trials=99995636 elapsed=4.095 rate_Mps=24.420775 target_survivors=110 y_draws=213365068
  probe_trials=99995774 elapsed=4.096 rate_Mps=24.413558 target_survivors=110 y_draws=213438740
  probe_trials=99995908 elapsed=4.097 rate_Mps=24.406055 target_survivors=110 y_draws=213513673
  probe_trials=99996036 elapsed=4.098 rate_Mps=24.398441 target_survivors=110 y_draws=213587640
  probe_trials=99996160 elapsed=4.100 rate_Mps=24.392158 target_survivors=110 y_draws=213661845
  probe_trials=99996280 elapsed=4.101 rate_Mps=24.386306 target_survivors=110 y_draws=213735493
  probe_trials=99996398 elapsed=4.102 rate_Mps=24.379288 target_survivors=110 y_draws=213808922
  probe_trials=99996512 elapsed=4.103 rate_Mps=24.372537 target_survivors=110 y_draws=213882364
  probe_trials=99996622 elapsed=4.104 rate_Mps=24.365346 target_survivors=110 y_draws=213955959
  probe_trials=99996728 elapsed=4.106 rate_Mps=24.356332 target_survivors=110 y_draws=214030274
  probe_trials=99996832 elapsed=4.107 rate_Mps=24.347769 target_survivors=110 y_draws=214104117
  probe_trials=99996932 elapsed=4.108 rate_Mps=24.340694 target_survivors=110 y_draws=214177997
  probe_trials=99997028 elapsed=4.109 rate_Mps=24.333921 target_survivors=110 y_draws=214251287
  probe_trials=99997122 elapsed=4.111 rate_Mps=24.327063 target_survivors=110 y_draws=214325560
  probe_trials=99997212 elapsed=4.112 rate_Mps=24.320510 target_survivors=110 y_draws=214399529
  probe_trials=99997300 elapsed=4.113 rate_Mps=24.314087 target_survivors=110 y_draws=214474350
  probe_trials=99997386 elapsed=4.114 rate_Mps=24.307929 target_survivors=110 y_draws=214547640
  probe_trials=99997468 elapsed=4.115 rate_Mps=24.302090 target_survivors=110 y_draws=214620998
  probe_trials=99997548 elapsed=4.116 rate_Mps=24.295460 target_survivors=110 y_draws=214694797
  probe_trials=99997626 elapsed=4.117 rate_Mps=24.289410 target_survivors=110 y_draws=214767986
  probe_trials=99997702 elapsed=4.118 rate_Mps=24.282980 target_survivors=110 y_draws=214842149
  probe_trials=99997774 elapsed=4.120 rate_Mps=24.273953 target_survivors=110 y_draws=214915207
  probe_trials=99997844 elapsed=4.121 rate_Mps=24.268053 target_survivors=110 y_draws=214988976
  probe_trials=99997912 elapsed=4.122 rate_Mps=24.260109 target_survivors=110 y_draws=215062413
  probe_trials=99997978 elapsed=4.123 rate_Mps=24.252154 target_survivors=110 y_draws=215135954
  probe_trials=99998042 elapsed=4.124 rate_Mps=24.246395 target_survivors=110 y_draws=215209313
  probe_trials=99998104 elapsed=4.125 rate_Mps=24.239973 target_survivors=110 y_draws=215283049
  probe_trials=99998164 elapsed=4.126 rate_Mps=24.235279 target_survivors=110 y_draws=215356006
  probe_trials=99998222 elapsed=4.127 rate_Mps=24.228358 target_survivors=110 y_draws=215430133
  probe_trials=99998278 elapsed=4.128 rate_Mps=24.222806 target_survivors=110 y_draws=215503125
  probe_trials=99998332 elapsed=4.129 rate_Mps=24.216109 target_survivors=110 y_draws=215576316
  probe_trials=99998386 elapsed=4.130 rate_Mps=24.209770 target_survivors=110 y_draws=215649231
  probe_trials=99998438 elapsed=4.132 rate_Mps=24.202378 target_survivors=110 y_draws=215722385
  probe_trials=99998488 elapsed=4.133 rate_Mps=24.196808 target_survivors=110 y_draws=215795785
  probe_trials=99998536 elapsed=4.134 rate_Mps=24.191993 target_survivors=110 y_draws=215869377
  probe_trials=99998582 elapsed=4.134 rate_Mps=24.186568 target_survivors=110 y_draws=215942951
  probe_trials=99998628 elapsed=4.136 rate_Mps=24.180024 target_survivors=110 y_draws=216016052
  probe_trials=99998672 elapsed=4.137 rate_Mps=24.173837 target_survivors=110 y_draws=216088909
  probe_trials=99998714 elapsed=4.137 rate_Mps=24.168936 target_survivors=110 y_draws=216161941
  probe_trials=99998756 elapsed=4.138 rate_Mps=24.163094 target_survivors=110 y_draws=216234946
  probe_trials=99998796 elapsed=4.139 rate_Mps=24.157611 target_survivors=110 y_draws=216308606
  probe_trials=99998834 elapsed=4.141 rate_Mps=24.151291 target_survivors=110 y_draws=216381888
  probe_trials=99998872 elapsed=4.141 rate_Mps=24.146205 target_survivors=110 y_draws=216455656
  probe_trials=99998908 elapsed=4.142 rate_Mps=24.140195 target_survivors=110 y_draws=216529459
  probe_trials=99998944 elapsed=4.143 rate_Mps=24.135490 target_survivors=110 y_draws=216602368
  probe_trials=99998978 elapsed=4.144 rate_Mps=24.130906 target_survivors=110 y_draws=216675378
  probe_trials=99999010 elapsed=4.145 rate_Mps=24.125296 target_survivors=110 y_draws=216749991
  probe_trials=99999042 elapsed=4.146 rate_Mps=24.121002 target_survivors=110 y_draws=216822908
  probe_trials=99999072 elapsed=4.147 rate_Mps=24.114647 target_survivors=110 y_draws=216896482
  probe_trials=99999102 elapsed=4.148 rate_Mps=24.108656 target_survivors=110 y_draws=216970043
  probe_trials=99999132 elapsed=4.149 rate_Mps=24.101933 target_survivors=110 y_draws=217043440
  probe_trials=99999160 elapsed=4.150 rate_Mps=24.096445 target_survivors=110 y_draws=217116244
  probe_trials=99999188 elapsed=4.151 rate_Mps=24.091793 target_survivors=110 y_draws=217189191
  probe_trials=99999214 elapsed=4.152 rate_Mps=24.083964 target_survivors=110 y_draws=217262112
  probe_trials=99999240 elapsed=4.153 rate_Mps=24.078643 target_survivors=110 y_draws=217335374
  probe_trials=99999264 elapsed=4.154 rate_Mps=24.073192 target_survivors=110 y_draws=217408651
  probe_trials=99999288 elapsed=4.155 rate_Mps=24.067551 target_survivors=110 y_draws=217481696
  probe_trials=99999312 elapsed=4.156 rate_Mps=24.062650 target_survivors=110 y_draws=217554776
  probe_trials=99999334 elapsed=4.157 rate_Mps=24.054509 target_survivors=110 y_draws=217628097
  probe_trials=99999356 elapsed=4.158 rate_Mps=24.050612 target_survivors=110 y_draws=217701072
  probe_trials=99999378 elapsed=4.159 rate_Mps=24.044366 target_survivors=110 y_draws=217774264
  probe_trials=99999398 elapsed=4.160 rate_Mps=24.040507 target_survivors=110 y_draws=217847039
  probe_trials=99999418 elapsed=4.161 rate_Mps=24.033564 target_survivors=110 y_draws=217919952
  probe_trials=99999438 elapsed=4.162 rate_Mps=24.028666 target_survivors=110 y_draws=217993625
  probe_trials=99999456 elapsed=4.163 rate_Mps=24.023828 target_survivors=110 y_draws=218066624
  probe_trials=99999474 elapsed=4.163 rate_Mps=24.018815 target_survivors=110 y_draws=218139692
  probe_trials=99999492 elapsed=4.164 rate_Mps=24.014607 target_survivors=110 y_draws=218212800
  probe_trials=99999508 elapsed=4.165 rate_Mps=24.009170 target_survivors=110 y_draws=218285861
  probe_trials=99999524 elapsed=4.166 rate_Mps=24.003130 target_survivors=110 y_draws=218359121
  probe_trials=99999540 elapsed=4.167 rate_Mps=23.998429 target_survivors=110 y_draws=218431959
  probe_trials=99999556 elapsed=4.168 rate_Mps=23.993949 target_survivors=110 y_draws=218505276
  probe_trials=99999570 elapsed=4.168 rate_Mps=23.989436 target_survivors=110 y_draws=218578701
  probe_trials=99999584 elapsed=4.169 rate_Mps=23.984311 target_survivors=110 y_draws=218651753
  probe_trials=99999598 elapsed=4.170 rate_Mps=23.977922 target_survivors=110 y_draws=218725134
  probe_trials=99999612 elapsed=4.171 rate_Mps=23.972736 target_survivors=110 y_draws=218798051
  probe_trials=99999626 elapsed=4.172 rate_Mps=23.967461 target_survivors=110 y_draws=218871227
  probe_trials=99999638 elapsed=4.174 rate_Mps=23.960609 target_survivors=110 y_draws=218944320
  probe_trials=99999650 elapsed=4.174 rate_Mps=23.955935 target_survivors=110 y_draws=219017355
  probe_trials=99999662 elapsed=4.175 rate_Mps=23.952613 target_survivors=110 y_draws=219090557
  probe_trials=99999674 elapsed=4.176 rate_Mps=23.947499 target_survivors=110 y_draws=219163345
  probe_trials=99999686 elapsed=4.177 rate_Mps=23.941212 target_survivors=110 y_draws=219236211
  probe_trials=99999696 elapsed=4.178 rate_Mps=23.937033 target_survivors=110 y_draws=219309052
  probe_trials=99999706 elapsed=4.178 rate_Mps=23.932616 target_survivors=110 y_draws=219382501
  probe_trials=99999716 elapsed=4.179 rate_Mps=23.929407 target_survivors=110 y_draws=219455516
  probe_trials=99999726 elapsed=4.180 rate_Mps=23.924173 target_survivors=110 y_draws=219528715
  probe_trials=99999736 elapsed=4.181 rate_Mps=23.918162 target_survivors=110 y_draws=219602284
  probe_trials=99999746 elapsed=4.182 rate_Mps=23.909187 target_survivors=110 y_draws=219675441
  probe_trials=99999754 elapsed=4.183 rate_Mps=23.903779 target_survivors=110 y_draws=219748194
  probe_trials=99999762 elapsed=4.184 rate_Mps=23.900125 target_survivors=110 y_draws=219821612
  probe_trials=99999770 elapsed=4.185 rate_Mps=23.896410 target_survivors=110 y_draws=219894344
  probe_trials=99999778 elapsed=4.186 rate_Mps=23.891131 target_survivors=110 y_draws=219967434
  probe_trials=99999786 elapsed=4.186 rate_Mps=23.886588 target_survivors=110 y_draws=220040311
  probe_trials=99999794 elapsed=4.187 rate_Mps=23.883314 target_survivors=110 y_draws=220113315
  probe_trials=99999802 elapsed=4.188 rate_Mps=23.878373 target_survivors=110 y_draws=220186235
  probe_trials=99999810 elapsed=4.188 rate_Mps=23.875073 target_survivors=110 y_draws=220259047
  probe_trials=99999816 elapsed=4.189 rate_Mps=23.871800 target_survivors=110 y_draws=220331941
  probe_trials=99999822 elapsed=4.190 rate_Mps=23.868847 target_survivors=110 y_draws=220405194
  probe_trials=99999828 elapsed=4.191 rate_Mps=23.861758 target_survivors=110 y_draws=220478051
  probe_trials=99999834 elapsed=4.191 rate_Mps=23.858149 target_survivors=110 y_draws=220550941
  probe_trials=99999840 elapsed=4.192 rate_Mps=23.853752 target_survivors=110 y_draws=220624363
  probe_trials=99999846 elapsed=4.193 rate_Mps=23.849924 target_survivors=110 y_draws=220697833
  probe_trials=99999852 elapsed=4.194 rate_Mps=23.846302 target_survivors=110 y_draws=220771152
  probe_trials=99999858 elapsed=4.194 rate_Mps=23.843352 target_survivors=110 y_draws=220844125
  probe_trials=99999864 elapsed=4.195 rate_Mps=23.840142 target_survivors=110 y_draws=220917090
  probe_trials=99999870 elapsed=4.195 rate_Mps=23.837196 target_survivors=110 y_draws=220990860
  probe_trials=99999876 elapsed=4.196 rate_Mps=23.832742 target_survivors=110 y_draws=221064087
  probe_trials=99999880 elapsed=4.196 rate_Mps=23.829799 target_survivors=110 y_draws=221136817
  probe_trials=99999884 elapsed=4.197 rate_Mps=23.826288 target_survivors=110 y_draws=221209872
  probe_trials=99999888 elapsed=4.198 rate_Mps=23.821451 target_survivors=110 y_draws=221283069
  probe_trials=99999892 elapsed=4.199 rate_Mps=23.817781 target_survivors=110 y_draws=221356030
  probe_trials=99999896 elapsed=4.199 rate_Mps=23.814232 target_survivors=110 y_draws=221428846
  probe_trials=99999900 elapsed=4.200 rate_Mps=23.811289 target_survivors=110 y_draws=221501767
  probe_trials=99999904 elapsed=4.200 rate_Mps=23.807953 target_survivors=110 y_draws=221575256
  probe_trials=99999908 elapsed=4.201 rate_Mps=23.804415 target_survivors=110 y_draws=221648569
  probe_trials=99999912 elapsed=4.202 rate_Mps=23.800164 target_survivors=110 y_draws=221721668
  probe_trials=99999916 elapsed=4.203 rate_Mps=23.795306 target_survivors=110 y_draws=221794540
  probe_trials=99999920 elapsed=4.203 rate_Mps=23.791008 target_survivors=110 y_draws=221868148
  probe_trials=99999924 elapsed=4.204 rate_Mps=23.787900 target_survivors=110 y_draws=221941157
  probe_trials=99999928 elapsed=4.204 rate_Mps=23.784746 target_survivors=110 y_draws=222014203
  probe_trials=99999932 elapsed=4.205 rate_Mps=23.778938 target_survivors=110 y_draws=222087195
  probe_trials=99999936 elapsed=4.206 rate_Mps=23.775712 target_survivors=110 y_draws=222160028
  probe_trials=99999938 elapsed=4.206 rate_Mps=23.772772 target_survivors=110 y_draws=222232940
  probe_trials=99999940 elapsed=4.207 rate_Mps=23.767858 target_survivors=110 y_draws=222305775
  probe_trials=99999942 elapsed=4.208 rate_Mps=23.764915 target_survivors=110 y_draws=222378660
  probe_trials=99999944 elapsed=4.208 rate_Mps=23.761746 target_survivors=110 y_draws=222451652
  probe_trials=99999946 elapsed=4.209 rate_Mps=23.758817 target_survivors=110 y_draws=222524721
  probe_trials=99999948 elapsed=4.209 rate_Mps=23.755883 target_survivors=110 y_draws=222597641
  probe_trials=99999950 elapsed=4.210 rate_Mps=23.752643 target_survivors=110 y_draws=222670759
  probe_trials=99999952 elapsed=4.211 rate_Mps=23.749039 target_survivors=110 y_draws=222744037
  probe_trials=99999954 elapsed=4.211 rate_Mps=23.746100 target_survivors=110 y_draws=222816974
  probe_trials=99999956 elapsed=4.212 rate_Mps=23.743174 target_survivors=110 y_draws=222890633
  probe_trials=99999958 elapsed=4.212 rate_Mps=23.740247 target_survivors=110 y_draws=222963442
  probe_trials=99999960 elapsed=4.213 rate_Mps=23.736384 target_survivors=110 y_draws=223036476
  probe_trials=99999962 elapsed=4.213 rate_Mps=23.733314 target_survivors=110 y_draws=223109767
  probe_trials=99999964 elapsed=4.214 rate_Mps=23.730018 target_survivors=110 y_draws=223182661
  probe_trials=99999966 elapsed=4.215 rate_Mps=23.726725 target_survivors=110 y_draws=223255779
  probe_trials=99999968 elapsed=4.215 rate_Mps=23.723795 target_survivors=110 y_draws=223328530
  probe_trials=99999970 elapsed=4.217 rate_Mps=23.715270 target_survivors=110 y_draws=223402209
  probe_trials=99999972 elapsed=4.217 rate_Mps=23.712122 target_survivors=110 y_draws=223475098
  probe_trials=99999974 elapsed=4.218 rate_Mps=23.708677 target_survivors=110 y_draws=223547949
  probe_trials=99999976 elapsed=4.218 rate_Mps=23.705654 target_survivors=110 y_draws=223621648
  probe_trials=99999978 elapsed=4.219 rate_Mps=23.702730 target_survivors=110 y_draws=223695227
  probe_trials=99999980 elapsed=4.219 rate_Mps=23.699816 target_survivors=110 y_draws=223768205
  probe_trials=99999982 elapsed=4.220 rate_Mps=23.696867 target_survivors=110 y_draws=223841492
  probe_trials=99999984 elapsed=4.220 rate_Mps=23.693943 target_survivors=110 y_draws=223915083
  probe_trials=99999986 elapsed=4.221 rate_Mps=23.691023 target_survivors=110 y_draws=223987947
  probe_trials=99999988 elapsed=4.222 rate_Mps=23.688113 target_survivors=110 y_draws=224060783
  probe_trials=99999990 elapsed=4.222 rate_Mps=23.684962 target_survivors=110 y_draws=224134050
  probe_trials=99999992 elapsed=4.223 rate_Mps=23.682032 target_survivors=110 y_draws=224207007
  probe_trials=99999994 elapsed=4.223 rate_Mps=23.678335 target_survivors=110 y_draws=224280266
  probe_trials=99999996 elapsed=4.224 rate_Mps=23.675420 target_survivors=110 y_draws=224353270
  probe_trials=99999998 elapsed=4.224 rate_Mps=23.672516 target_survivors=110 y_draws=224426263
  probe_trials=100000000 elapsed=4.225 rate_Mps=23.669606 target_survivors=110 y_draws=224499314

Stratum probe summary:
  mode=x16stratumprobe source_kind=raw_x16_nonsplit_y backend=u96 GPU="NVIDIA RTX 6000 Ada Generation" seed_mode=identity seed_offset=0
  prefix_filter_depth=4
  accepted_roots=100000000 y_draws=224499314 nonsplit_y=112256315 sqrtD_y=56139329 roots_valid=106139329
  target_depth=24 survivors=110 rate=0.000001100 elapsed=4.224830 accepted_rate_Mps=23.669590 source_draws_per_accepted=2.244993 target_per_source_draw=0.000000489979 target_survivor_per_sec=26.036549
  prefix total=50000000 survivors=60 rate=0.000001200
  heldout total=50000000 survivors=50 rate=0.000001000
  depth survival checkpoints:
    depth>=4 count=100000000 rate=1.000000000
    depth>=6 count=25002390 rate=0.250023900
    depth>=8 count=6256354 rate=0.062563540
    depth>=10 count=1563580 rate=0.015635800
    depth>=12 count=391210 rate=0.003912100
    depth>=14 count=97466 rate=0.000974660
    depth>=16 count=24210 rate=0.000242100
    depth>=18 count=6190 rate=0.000061900
    depth>=20 count=1506 rate=0.000015060
    depth>=22 count=448 rate=0.000004480
    depth>=24 count=110 rate=0.000001100
  top buckets selected by prefix lift (min prefix total 100):
    bucket q_sheet key prefix_total prefix_surv prefix_lift held_total held_surv held_lift promotion
    15 0 15 389445 3 6.419 390588 0 0.000 no
    22 0 22 390884 3 6.396 391852 1 2.552 no
    49 0 49 389416 2 4.280 389654 0 0.000 no
    43 0 43 389612 2 4.278 390984 0 0.000 no
    59 0 59 389776 2 4.276 390806 0 0.000 no
    72 1 8 390168 2 4.272 391169 0 0.000 no
    0 0 0 390549 2 4.267 391259 1 2.556 no
    99 1 35 390611 2 4.267 390687 0 0.000 no
    98 1 34 390655 2 4.266 391292 1 2.556 no
    57 0 57 390658 2 4.266 391332 0 0.000 no
    112 1 48 391443 2 4.258 389592 1 2.567 no
    20 0 20 389139 1 2.141 391223 1 2.556 no
scope_probe_jsonl={"mode":"x16stratumprobe","source_kind":"raw_x16_nonsplit_y","narrowing_source":false,"scope_narrowing":false,"p":"1000000000000000000000000103","backend":"u96","gpu":"NVIDIA RTX 6000 Ada Generation","seed_mode":"identity","seed_offset":0,"target_depth":24,"prefix_filter_depth":4,"bucket_bits":6,"elapsed":4.224830,"accepted_rate_Mps":23.669590,"accepted_roots":100000000,"source_draws":224499314,"nonsplit_y":112256315,"sqrtD_y":56139329,"roots_valid":106139329,"target_survivors":110,"target_rate":0.000001100000,"source_draws_per_accepted":2.244993140000,"target_per_source_draw":0.000000489979,"target_survivor_per_sec":26.036549,"prefix_total":50000000,"prefix_survive":60,"held_total":50000000,"held_survive":50,"survive_4":100000000,"survive_6":25002390,"survive_8":6256354,"survive_10":1563580,"survive_12":391210,"survive_14":97466,"survive_16":24210,"survive_18":6190,"survive_20":1506,"survive_22":448,"survive_24":110}

Probe completed in 4.22s. trials=100000000 interval_trials=100000000 rate_Mps=23.669590
