Pomerance CUDA x16halvenonsplit prototype

p = 1000000000000000000000000103
mode = x16stratumprobe
seed_offset = 0
seed_mode = splitmix
max_trials = 100000000
chunk_trials = 100000000
probe_target_depth = 24
probe_prefix_filter_depth = 4
probe_bucket_bits = 6
k = 45
backend = u96
GPU = NVIDIA RTX 6000 Ada Generation  SMs=142  blocks=1136  threads=128  claim_batch=64

  probe_trials=97778502 elapsed=3.887 rate_Mps=25.157131 target_survivors=84 y_draws=195502476
  probe_trials=97865180 elapsed=3.892 rate_Mps=25.148335 target_survivors=84 y_draws=195715965
  probe_trials=97946918 elapsed=3.896 rate_Mps=25.140794 target_survivors=84 y_draws=195920789
  probe_trials=98024926 elapsed=3.900 rate_Mps=25.133369 target_survivors=84 y_draws=196120956
  probe_trials=98098934 elapsed=3.904 rate_Mps=25.124917 target_survivors=84 y_draws=196312535
  probe_trials=98168914 elapsed=3.909 rate_Mps=25.116578 target_survivors=84 y_draws=196497540
  probe_trials=98235570 elapsed=3.913 rate_Mps=25.107513 target_survivors=84 y_draws=196676321
  probe_trials=98298714 elapsed=3.916 rate_Mps=25.099263 target_survivors=84 y_draws=196847633
  probe_trials=98359146 elapsed=3.920 rate_Mps=25.092750 target_survivors=84 y_draws=197014380
  probe_trials=98415890 elapsed=3.923 rate_Mps=25.085893 target_survivors=84 y_draws=197173993
  probe_trials=98470140 elapsed=3.927 rate_Mps=25.078176 target_survivors=84 y_draws=197330254
  probe_trials=98521826 elapsed=3.930 rate_Mps=25.071396 target_survivors=84 y_draws=197480831
  probe_trials=98570818 elapsed=3.932 rate_Mps=25.066332 target_survivors=84 y_draws=197625601
  probe_trials=98617766 elapsed=3.935 rate_Mps=25.061377 target_survivors=84 y_draws=197767822
  probe_trials=98662558 elapsed=3.938 rate_Mps=25.052321 target_survivors=84 y_draws=197904900
  probe_trials=98705536 elapsed=3.941 rate_Mps=25.046411 target_survivors=84 y_draws=198039937
  probe_trials=98746764 elapsed=3.943 rate_Mps=25.041412 target_survivors=84 y_draws=198172850
  probe_trials=98786492 elapsed=3.946 rate_Mps=25.035621 target_survivors=84 y_draws=198304032
  probe_trials=98824680 elapsed=3.949 rate_Mps=25.027301 target_survivors=84 y_draws=198432864
  probe_trials=98861498 elapsed=3.951 rate_Mps=25.022053 target_survivors=84 y_draws=198560313
  probe_trials=98897082 elapsed=3.953 rate_Mps=25.016368 target_survivors=84 y_draws=198686721
  probe_trials=98931562 elapsed=3.956 rate_Mps=25.010534 target_survivors=84 y_draws=198811653
  probe_trials=98964958 elapsed=3.958 rate_Mps=25.004104 target_survivors=84 y_draws=198935029
  probe_trials=98997312 elapsed=3.960 rate_Mps=24.998703 target_survivors=84 y_draws=199057911
  probe_trials=99028664 elapsed=3.962 rate_Mps=24.992430 target_survivors=84 y_draws=199179424
  probe_trials=99059036 elapsed=3.965 rate_Mps=24.983987 target_survivors=84 y_draws=199298516
  probe_trials=99088454 elapsed=3.967 rate_Mps=24.976161 target_survivors=84 y_draws=199417179
  probe_trials=99116946 elapsed=3.970 rate_Mps=24.968989 target_survivors=84 y_draws=199532867
  probe_trials=99144550 elapsed=3.972 rate_Mps=24.962373 target_survivors=84 y_draws=199647218
  probe_trials=99171284 elapsed=3.974 rate_Mps=24.956127 target_survivors=84 y_draws=199759934
  probe_trials=99197182 elapsed=3.976 rate_Mps=24.948985 target_survivors=84 y_draws=199872801
  probe_trials=99222272 elapsed=3.978 rate_Mps=24.942297 target_survivors=84 y_draws=199984104
  probe_trials=99246576 elapsed=3.980 rate_Mps=24.935343 target_survivors=84 y_draws=200094743
  probe_trials=99270122 elapsed=3.982 rate_Mps=24.927680 target_survivors=84 y_draws=200204379
  probe_trials=99292932 elapsed=3.985 rate_Mps=24.917114 target_survivors=84 y_draws=200313477
  probe_trials=99315028 elapsed=3.987 rate_Mps=24.908494 target_survivors=84 y_draws=200421216
  probe_trials=99336434 elapsed=3.989 rate_Mps=24.901597 target_survivors=84 y_draws=200528253
  probe_trials=99357172 elapsed=3.991 rate_Mps=24.893250 target_survivors=84 y_draws=200633299
  probe_trials=99377262 elapsed=3.994 rate_Mps=24.883646 target_survivors=84 y_draws=200738047
  probe_trials=99396724 elapsed=3.996 rate_Mps=24.876732 target_survivors=84 y_draws=200840818
  probe_trials=99415578 elapsed=3.998 rate_Mps=24.869350 target_survivors=84 y_draws=200943365
  probe_trials=99433842 elapsed=4.000 rate_Mps=24.860130 target_survivors=84 y_draws=201044118
  probe_trials=99451536 elapsed=4.002 rate_Mps=24.852598 target_survivors=84 y_draws=201144023
  probe_trials=99468676 elapsed=4.004 rate_Mps=24.844314 target_survivors=84 y_draws=201243505
  probe_trials=99485280 elapsed=4.006 rate_Mps=24.834705 target_survivors=84 y_draws=201342421
  probe_trials=99501366 elapsed=4.008 rate_Mps=24.828071 target_survivors=84 y_draws=201441369
  probe_trials=99516950 elapsed=4.010 rate_Mps=24.819447 target_survivors=84 y_draws=201539228
  probe_trials=99532046 elapsed=4.012 rate_Mps=24.811213 target_survivors=84 y_draws=201637118
  probe_trials=99546670 elapsed=4.013 rate_Mps=24.803642 target_survivors=84 y_draws=201733698
  probe_trials=99560838 elapsed=4.016 rate_Mps=24.794076 target_survivors=84 y_draws=201830504
  probe_trials=99574562 elapsed=4.017 rate_Mps=24.787319 target_survivors=84 y_draws=201926939
  probe_trials=99587858 elapsed=4.019 rate_Mps=24.778684 target_survivors=84 y_draws=202022787
  probe_trials=99600738 elapsed=4.021 rate_Mps=24.769663 target_survivors=84 y_draws=202117634
  probe_trials=99613216 elapsed=4.023 rate_Mps=24.760535 target_survivors=84 y_draws=202211954
  probe_trials=99625304 elapsed=4.025 rate_Mps=24.753059 target_survivors=84 y_draws=202305275
  probe_trials=99637014 elapsed=4.027 rate_Mps=24.744655 target_survivors=84 y_draws=202398920
  probe_trials=99648358 elapsed=4.029 rate_Mps=24.733787 target_survivors=84 y_draws=202491394
  probe_trials=99659348 elapsed=4.031 rate_Mps=24.724403 target_survivors=84 y_draws=202582550
  probe_trials=99669994 elapsed=4.033 rate_Mps=24.716285 target_survivors=84 y_draws=202673234
  probe_trials=99680308 elapsed=4.035 rate_Mps=24.706368 target_survivors=84 y_draws=202763676
  probe_trials=99690300 elapsed=4.036 rate_Mps=24.698696 target_survivors=84 y_draws=202852937
  probe_trials=99699980 elapsed=4.038 rate_Mps=24.691414 target_survivors=84 y_draws=202941452
  probe_trials=99709356 elapsed=4.040 rate_Mps=24.683481 target_survivors=84 y_draws=203029463
  probe_trials=99718440 elapsed=4.041 rate_Mps=24.675505 target_survivors=84 y_draws=203115699
  probe_trials=99727240 elapsed=4.043 rate_Mps=24.665729 target_survivors=84 y_draws=203202042
  probe_trials=99735764 elapsed=4.045 rate_Mps=24.658688 target_survivors=84 y_draws=203288331
  probe_trials=99744022 elapsed=4.046 rate_Mps=24.650471 target_survivors=84 y_draws=203374274
  probe_trials=99752022 elapsed=4.048 rate_Mps=24.642203 target_survivors=84 y_draws=203459955
  probe_trials=99759772 elapsed=4.050 rate_Mps=24.633960 target_survivors=84 y_draws=203545950
  probe_trials=99767280 elapsed=4.052 rate_Mps=24.620852 target_survivors=84 y_draws=203631359
  probe_trials=99774554 elapsed=4.054 rate_Mps=24.612204 target_survivors=84 y_draws=203716452
  probe_trials=99781600 elapsed=4.056 rate_Mps=24.602940 target_survivors=84 y_draws=203801699
  probe_trials=99788426 elapsed=4.057 rate_Mps=24.594321 target_survivors=84 y_draws=203886955
  probe_trials=99795038 elapsed=4.059 rate_Mps=24.586000 target_survivors=84 y_draws=203971556
  probe_trials=99801444 elapsed=4.061 rate_Mps=24.576871 target_survivors=84 y_draws=204055994
  probe_trials=99807650 elapsed=4.063 rate_Mps=24.566313 target_survivors=84 y_draws=204140350
  probe_trials=99813662 elapsed=4.065 rate_Mps=24.556956 target_survivors=84 y_draws=204224792
  probe_trials=99819486 elapsed=4.067 rate_Mps=24.545935 target_survivors=84 y_draws=204309029
  probe_trials=99825128 elapsed=4.068 rate_Mps=24.537323 target_survivors=84 y_draws=204393238
  probe_trials=99830594 elapsed=4.070 rate_Mps=24.528092 target_survivors=84 y_draws=204476736
  probe_trials=99835888 elapsed=4.072 rate_Mps=24.519849 target_survivors=84 y_draws=204560046
  probe_trials=99841018 elapsed=4.073 rate_Mps=24.510681 target_survivors=84 y_draws=204643486
  probe_trials=99845988 elapsed=4.075 rate_Mps=24.501237 target_survivors=84 y_draws=204726557
  probe_trials=99850802 elapsed=4.077 rate_Mps=24.489853 target_survivors=84 y_draws=204809519
  probe_trials=99855466 elapsed=4.079 rate_Mps=24.480182 target_survivors=84 y_draws=204892372
  probe_trials=99859984 elapsed=4.081 rate_Mps=24.469991 target_survivors=84 y_draws=204974854
  probe_trials=99864360 elapsed=4.083 rate_Mps=24.461024 target_survivors=84 y_draws=205056908
  probe_trials=99868600 elapsed=4.084 rate_Mps=24.451228 target_survivors=84 y_draws=205140008
  probe_trials=99872708 elapsed=4.087 rate_Mps=24.439571 target_survivors=84 y_draws=205222424
  probe_trials=99876686 elapsed=4.088 rate_Mps=24.429926 target_survivors=84 y_draws=205304655
  probe_trials=99880540 elapsed=4.090 rate_Mps=24.420883 target_survivors=84 y_draws=205386344
  probe_trials=99884274 elapsed=4.091 rate_Mps=24.413056 target_survivors=84 y_draws=205468505
  probe_trials=99887892 elapsed=4.093 rate_Mps=24.402809 target_survivors=84 y_draws=205550104
  probe_trials=99891396 elapsed=4.095 rate_Mps=24.394137 target_survivors=84 y_draws=205631882
  probe_trials=99894790 elapsed=4.097 rate_Mps=24.381807 target_survivors=84 y_draws=205713749
  probe_trials=99898078 elapsed=4.099 rate_Mps=24.372863 target_survivors=84 y_draws=205794848
  probe_trials=99901264 elapsed=4.100 rate_Mps=24.363267 target_survivors=84 y_draws=205876441
  probe_trials=99904350 elapsed=4.102 rate_Mps=24.353936 target_survivors=84 y_draws=205957449
  probe_trials=99907340 elapsed=4.104 rate_Mps=24.346232 target_survivors=84 y_draws=206038357
  probe_trials=99910236 elapsed=4.105 rate_Mps=24.337878 target_survivors=84 y_draws=206118860
  probe_trials=99913042 elapsed=4.107 rate_Mps=24.330101 target_survivors=84 y_draws=206199642
  probe_trials=99915760 elapsed=4.108 rate_Mps=24.321047 target_survivors=84 y_draws=206279264
  probe_trials=99918394 elapsed=4.110 rate_Mps=24.312749 target_survivors=84 y_draws=206359353
  probe_trials=99920946 elapsed=4.111 rate_Mps=24.302942 target_survivors=84 y_draws=206439334
  probe_trials=99923418 elapsed=4.113 rate_Mps=24.293700 target_survivors=84 y_draws=206519091
  probe_trials=99925812 elapsed=4.115 rate_Mps=24.283832 target_survivors=84 y_draws=206598576
  probe_trials=99928132 elapsed=4.117 rate_Mps=24.275009 target_survivors=84 y_draws=206677787
  probe_trials=99930378 elapsed=4.118 rate_Mps=24.265107 target_survivors=84 y_draws=206756970
  probe_trials=99932554 elapsed=4.120 rate_Mps=24.256157 target_survivors=84 y_draws=206836171
  probe_trials=99934662 elapsed=4.122 rate_Mps=24.246379 target_survivors=84 y_draws=206916625
  probe_trials=99936704 elapsed=4.123 rate_Mps=24.236583 target_survivors=84 y_draws=206995960
  probe_trials=99938682 elapsed=4.125 rate_Mps=24.227294 target_survivors=84 y_draws=207074142
  probe_trials=99940600 elapsed=4.127 rate_Mps=24.219122 target_survivors=84 y_draws=207152590
  probe_trials=99942458 elapsed=4.128 rate_Mps=24.210715 target_survivors=84 y_draws=207231859
  probe_trials=99944258 elapsed=4.130 rate_Mps=24.202255 target_survivors=84 y_draws=207310614
  probe_trials=99946000 elapsed=4.131 rate_Mps=24.193954 target_survivors=84 y_draws=207389141
  probe_trials=99947688 elapsed=4.133 rate_Mps=24.182900 target_survivors=84 y_draws=207468539
  probe_trials=99949324 elapsed=4.135 rate_Mps=24.173275 target_survivors=84 y_draws=207546105
  probe_trials=99950908 elapsed=4.136 rate_Mps=24.164978 target_survivors=84 y_draws=207623971
  probe_trials=99952444 elapsed=4.138 rate_Mps=24.153433 target_survivors=84 y_draws=207702287
  probe_trials=99953932 elapsed=4.140 rate_Mps=24.145365 target_survivors=84 y_draws=207779593
  probe_trials=99955372 elapsed=4.142 rate_Mps=24.134119 target_survivors=84 y_draws=207858270
  probe_trials=99956768 elapsed=4.143 rate_Mps=24.126542 target_survivors=84 y_draws=207935256
  probe_trials=99958120 elapsed=4.145 rate_Mps=24.117377 target_survivors=84 y_draws=208012544
  probe_trials=99959430 elapsed=4.146 rate_Mps=24.107667 target_survivors=84 y_draws=208089441
  probe_trials=99960698 elapsed=4.148 rate_Mps=24.098849 target_survivors=84 y_draws=208166376
  probe_trials=99961928 elapsed=4.150 rate_Mps=24.089371 target_survivors=84 y_draws=208242905
  probe_trials=99963118 elapsed=4.151 rate_Mps=24.079986 target_survivors=84 y_draws=208320382
  probe_trials=99964272 elapsed=4.153 rate_Mps=24.071165 target_survivors=84 y_draws=208396926
  probe_trials=99965390 elapsed=4.154 rate_Mps=24.062706 target_survivors=84 y_draws=208474207
  probe_trials=99966472 elapsed=4.156 rate_Mps=24.054241 target_survivors=84 y_draws=208550902
  probe_trials=99967520 elapsed=4.157 rate_Mps=24.046173 target_survivors=84 y_draws=208628384
  probe_trials=99968536 elapsed=4.159 rate_Mps=24.038748 target_survivors=84 y_draws=208704670
  probe_trials=99969520 elapsed=4.160 rate_Mps=24.031372 target_survivors=84 y_draws=208781013
  probe_trials=99970474 elapsed=4.161 rate_Mps=24.023496 target_survivors=84 y_draws=208858418
  probe_trials=99971398 elapsed=4.163 rate_Mps=24.015320 target_survivors=84 y_draws=208935035
  probe_trials=99972292 elapsed=4.165 rate_Mps=24.004586 target_survivors=84 y_draws=209011166
  probe_trials=99973158 elapsed=4.166 rate_Mps=23.996552 target_survivors=84 y_draws=209087535
  probe_trials=99973998 elapsed=4.167 rate_Mps=23.989085 target_survivors=84 y_draws=209163377
  probe_trials=99974812 elapsed=4.169 rate_Mps=23.980629 target_survivors=84 y_draws=209240422
  probe_trials=99975600 elapsed=4.171 rate_Mps=23.971298 target_survivors=84 y_draws=209316251
  probe_trials=99976364 elapsed=4.172 rate_Mps=23.964079 target_survivors=84 y_draws=209392362
  probe_trials=99977104 elapsed=4.174 rate_Mps=23.954327 target_survivors=84 y_draws=209468482
  probe_trials=99977820 elapsed=4.175 rate_Mps=23.946619 target_survivors=84 y_draws=209544169
  probe_trials=99978514 elapsed=4.177 rate_Mps=23.938057 target_survivors=84 y_draws=209620097
  probe_trials=99979186 elapsed=4.178 rate_Mps=23.930691 target_survivors=84 y_draws=209696175
  probe_trials=99979838 elapsed=4.179 rate_Mps=23.921769 target_survivors=84 y_draws=209772641
  probe_trials=99980470 elapsed=4.181 rate_Mps=23.913268 target_survivors=84 y_draws=209847991
  probe_trials=99981082 elapsed=4.182 rate_Mps=23.904881 target_survivors=84 y_draws=209923675
  probe_trials=99981674 elapsed=4.184 rate_Mps=23.896856 target_survivors=84 y_draws=209999598
  probe_trials=99982248 elapsed=4.186 rate_Mps=23.887569 target_survivors=84 y_draws=210075271
  probe_trials=99982804 elapsed=4.187 rate_Mps=23.878898 target_survivors=84 y_draws=210150698
  probe_trials=99983342 elapsed=4.189 rate_Mps=23.870676 target_survivors=84 y_draws=210226312
  probe_trials=99983864 elapsed=4.190 rate_Mps=23.861836 target_survivors=84 y_draws=210301869
  probe_trials=99984370 elapsed=4.192 rate_Mps=23.853862 target_survivors=84 y_draws=210377099
  probe_trials=99984860 elapsed=4.193 rate_Mps=23.845924 target_survivors=84 y_draws=210452578
  probe_trials=99985334 elapsed=4.194 rate_Mps=23.838699 target_survivors=84 y_draws=210528477
  probe_trials=99985794 elapsed=4.196 rate_Mps=23.831305 target_survivors=84 y_draws=210604178
  probe_trials=99986238 elapsed=4.197 rate_Mps=23.822869 target_survivors=84 y_draws=210679402
  probe_trials=99986670 elapsed=4.198 rate_Mps=23.815754 target_survivors=84 y_draws=210754896
  probe_trials=99987088 elapsed=4.200 rate_Mps=23.808313 target_survivors=84 y_draws=210831022
  probe_trials=99987492 elapsed=4.201 rate_Mps=23.801309 target_survivors=84 y_draws=210905986
  probe_trials=99987884 elapsed=4.202 rate_Mps=23.792766 target_survivors=84 y_draws=210981960
  probe_trials=99988264 elapsed=4.204 rate_Mps=23.785536 target_survivors=84 y_draws=211056723
  probe_trials=99988632 elapsed=4.205 rate_Mps=23.777589 target_survivors=84 y_draws=211132258
  probe_trials=99988988 elapsed=4.207 rate_Mps=23.767486 target_survivors=84 y_draws=211207021
  probe_trials=99989334 elapsed=4.208 rate_Mps=23.760488 target_survivors=84 y_draws=211281615
  probe_trials=99989668 elapsed=4.210 rate_Mps=23.750647 target_survivors=84 y_draws=211356639
  probe_trials=99989992 elapsed=4.212 rate_Mps=23.741607 target_survivors=84 y_draws=211431461
  probe_trials=99990306 elapsed=4.213 rate_Mps=23.735098 target_survivors=84 y_draws=211506651
  probe_trials=99990610 elapsed=4.214 rate_Mps=23.728308 target_survivors=84 y_draws=211580938
  probe_trials=99990904 elapsed=4.215 rate_Mps=23.719851 target_survivors=84 y_draws=211655731
  probe_trials=99991190 elapsed=4.217 rate_Mps=23.713293 target_survivors=84 y_draws=211730937
  probe_trials=99991466 elapsed=4.218 rate_Mps=23.706561 target_survivors=84 y_draws=211805124
  probe_trials=99991734 elapsed=4.219 rate_Mps=23.698482 target_survivors=84 y_draws=211879308
  probe_trials=99991994 elapsed=4.221 rate_Mps=23.690475 target_survivors=84 y_draws=211954309
  probe_trials=99992246 elapsed=4.222 rate_Mps=23.682925 target_survivors=84 y_draws=212028791
  probe_trials=99992490 elapsed=4.223 rate_Mps=23.675987 target_survivors=84 y_draws=212103649
  probe_trials=99992726 elapsed=4.225 rate_Mps=23.668697 target_survivors=84 y_draws=212178520
  probe_trials=99992954 elapsed=4.226 rate_Mps=23.661063 target_survivors=84 y_draws=212253054
  probe_trials=99993176 elapsed=4.227 rate_Mps=23.654296 target_survivors=84 y_draws=212328448
  probe_trials=99993390 elapsed=4.229 rate_Mps=23.646521 target_survivors=84 y_draws=212403066
  probe_trials=99993598 elapsed=4.230 rate_Mps=23.639480 target_survivors=84 y_draws=212477653
  probe_trials=99993800 elapsed=4.232 rate_Mps=23.629547 target_survivors=84 y_draws=212551805
  probe_trials=99993994 elapsed=4.233 rate_Mps=23.621872 target_survivors=84 y_draws=212625859
  probe_trials=99994182 elapsed=4.235 rate_Mps=23.614112 target_survivors=84 y_draws=212700516
  probe_trials=99994364 elapsed=4.236 rate_Mps=23.606706 target_survivors=84 y_draws=212774732
  probe_trials=99994542 elapsed=4.237 rate_Mps=23.598667 target_survivors=84 y_draws=212848598
  probe_trials=99994714 elapsed=4.239 rate_Mps=23.590610 target_survivors=84 y_draws=212924018
  probe_trials=99994880 elapsed=4.240 rate_Mps=23.583948 target_survivors=84 y_draws=212998713
  probe_trials=99995040 elapsed=4.241 rate_Mps=23.577969 target_survivors=84 y_draws=213074049
  probe_trials=99995196 elapsed=4.242 rate_Mps=23.570898 target_survivors=84 y_draws=213148228
  probe_trials=99995348 elapsed=4.244 rate_Mps=23.563177 target_survivors=84 y_draws=213222271
  probe_trials=99995494 elapsed=4.245 rate_Mps=23.556226 target_survivors=84 y_draws=213296121
  probe_trials=99995636 elapsed=4.246 rate_Mps=23.549783 target_survivors=84 y_draws=213370649
  probe_trials=99995774 elapsed=4.247 rate_Mps=23.543632 target_survivors=84 y_draws=213444326
  probe_trials=99995908 elapsed=4.248 rate_Mps=23.537274 target_survivors=84 y_draws=213518207
  probe_trials=99996036 elapsed=4.250 rate_Mps=23.530723 target_survivors=84 y_draws=213592329
  probe_trials=99996160 elapsed=4.251 rate_Mps=23.524229 target_survivors=84 y_draws=213666062
  probe_trials=99996280 elapsed=4.252 rate_Mps=23.517876 target_survivors=84 y_draws=213740477
  probe_trials=99996398 elapsed=4.253 rate_Mps=23.510269 target_survivors=84 y_draws=213814260
  probe_trials=99996512 elapsed=4.254 rate_Mps=23.504289 target_survivors=84 y_draws=213887797
  probe_trials=99996622 elapsed=4.255 rate_Mps=23.498536 target_survivors=84 y_draws=213961912
  probe_trials=99996728 elapsed=4.257 rate_Mps=23.492015 target_survivors=84 y_draws=214036368
  probe_trials=99996832 elapsed=4.258 rate_Mps=23.486981 target_survivors=84 y_draws=214110179
  probe_trials=99996932 elapsed=4.259 rate_Mps=23.480672 target_survivors=84 y_draws=214184121
  probe_trials=99997028 elapsed=4.260 rate_Mps=23.473401 target_survivors=84 y_draws=214257635
  probe_trials=99997122 elapsed=4.261 rate_Mps=23.467033 target_survivors=84 y_draws=214330739
  probe_trials=99997212 elapsed=4.263 rate_Mps=23.459225 target_survivors=84 y_draws=214405033
  probe_trials=99997300 elapsed=4.264 rate_Mps=23.451663 target_survivors=84 y_draws=214480141
  probe_trials=99997386 elapsed=4.265 rate_Mps=23.444896 target_survivors=84 y_draws=214553374
  probe_trials=99997468 elapsed=4.266 rate_Mps=23.438484 target_survivors=84 y_draws=214627549
  probe_trials=99997548 elapsed=4.268 rate_Mps=23.432243 target_survivors=84 y_draws=214701676
  probe_trials=99997626 elapsed=4.269 rate_Mps=23.425512 target_survivors=84 y_draws=214775349
  probe_trials=99997702 elapsed=4.270 rate_Mps=23.419237 target_survivors=84 y_draws=214849221
  probe_trials=99997774 elapsed=4.271 rate_Mps=23.413525 target_survivors=84 y_draws=214923302
  probe_trials=99997844 elapsed=4.272 rate_Mps=23.408376 target_survivors=84 y_draws=214996982
  probe_trials=99997912 elapsed=4.274 rate_Mps=23.399399 target_survivors=84 y_draws=215070775
  probe_trials=99997978 elapsed=4.275 rate_Mps=23.393269 target_survivors=84 y_draws=215143951
  probe_trials=99998042 elapsed=4.276 rate_Mps=23.387154 target_survivors=84 y_draws=215218654
  probe_trials=99998104 elapsed=4.277 rate_Mps=23.381517 target_survivors=84 y_draws=215292117
  probe_trials=99998164 elapsed=4.278 rate_Mps=23.374498 target_survivors=84 y_draws=215365331
  probe_trials=99998222 elapsed=4.279 rate_Mps=23.367524 target_survivors=84 y_draws=215438813
  probe_trials=99998278 elapsed=4.280 rate_Mps=23.361368 target_survivors=84 y_draws=215512671
  probe_trials=99998332 elapsed=4.282 rate_Mps=23.355352 target_survivors=84 y_draws=215586582
  probe_trials=99998386 elapsed=4.283 rate_Mps=23.350100 target_survivors=84 y_draws=215659878
  probe_trials=99998438 elapsed=4.284 rate_Mps=23.343825 target_survivors=84 y_draws=215733124
  probe_trials=99998488 elapsed=4.285 rate_Mps=23.337444 target_survivors=84 y_draws=215807492
  probe_trials=99998536 elapsed=4.286 rate_Mps=23.331114 target_survivors=84 y_draws=215881104
  probe_trials=99998582 elapsed=4.287 rate_Mps=23.325177 target_survivors=84 y_draws=215954342
  probe_trials=99998628 elapsed=4.288 rate_Mps=23.321790 target_survivors=84 y_draws=216028388
  probe_trials=99998672 elapsed=4.289 rate_Mps=23.316108 target_survivors=84 y_draws=216101647
  probe_trials=99998714 elapsed=4.290 rate_Mps=23.311662 target_survivors=84 y_draws=216175128
  probe_trials=99998756 elapsed=4.291 rate_Mps=23.306115 target_survivors=84 y_draws=216248680
  probe_trials=99998796 elapsed=4.291 rate_Mps=23.301858 target_survivors=84 y_draws=216322485
  probe_trials=99998834 elapsed=4.293 rate_Mps=23.294673 target_survivors=84 y_draws=216396061
  probe_trials=99998872 elapsed=4.294 rate_Mps=23.289942 target_survivors=84 y_draws=216469522
  probe_trials=99998908 elapsed=4.295 rate_Mps=23.284146 target_survivors=84 y_draws=216542725
  probe_trials=99998944 elapsed=4.296 rate_Mps=23.275453 target_survivors=84 y_draws=216616139
  probe_trials=99998978 elapsed=4.297 rate_Mps=23.270215 target_survivors=84 y_draws=216689648
  probe_trials=99999010 elapsed=4.298 rate_Mps=23.264661 target_survivors=84 y_draws=216762990
  probe_trials=99999042 elapsed=4.299 rate_Mps=23.259452 target_survivors=84 y_draws=216836038
  probe_trials=99999072 elapsed=4.300 rate_Mps=23.255174 target_survivors=84 y_draws=216909352
  probe_trials=99999102 elapsed=4.301 rate_Mps=23.249697 target_survivors=84 y_draws=216983032
  probe_trials=99999132 elapsed=4.302 rate_Mps=23.244022 target_survivors=84 y_draws=217056237
  probe_trials=99999160 elapsed=4.303 rate_Mps=23.238369 target_survivors=84 y_draws=217129510
  probe_trials=99999188 elapsed=4.304 rate_Mps=23.234352 target_survivors=84 y_draws=217203216
  probe_trials=99999214 elapsed=4.305 rate_Mps=23.229312 target_survivors=84 y_draws=217277033
  probe_trials=99999240 elapsed=4.306 rate_Mps=23.224465 target_survivors=84 y_draws=217351068
  probe_trials=99999264 elapsed=4.307 rate_Mps=23.217400 target_survivors=84 y_draws=217424820
  probe_trials=99999288 elapsed=4.308 rate_Mps=23.211889 target_survivors=84 y_draws=217497873
  probe_trials=99999312 elapsed=4.309 rate_Mps=23.206649 target_survivors=84 y_draws=217571037
  probe_trials=99999334 elapsed=4.310 rate_Mps=23.202559 target_survivors=84 y_draws=217644723
  probe_trials=99999356 elapsed=4.311 rate_Mps=23.197254 target_survivors=84 y_draws=217717843
  probe_trials=99999378 elapsed=4.312 rate_Mps=23.192128 target_survivors=84 y_draws=217791133
  probe_trials=99999398 elapsed=4.313 rate_Mps=23.186364 target_survivors=84 y_draws=217864489
  probe_trials=99999418 elapsed=4.314 rate_Mps=23.181290 target_survivors=84 y_draws=217937375
  probe_trials=99999438 elapsed=4.315 rate_Mps=23.176794 target_survivors=84 y_draws=218011328
  probe_trials=99999456 elapsed=4.315 rate_Mps=23.172721 target_survivors=84 y_draws=218084862
  probe_trials=99999474 elapsed=4.316 rate_Mps=23.167064 target_survivors=84 y_draws=218157801
  probe_trials=99999492 elapsed=4.317 rate_Mps=23.163176 target_survivors=84 y_draws=218230864
  probe_trials=99999508 elapsed=4.318 rate_Mps=23.159792 target_survivors=84 y_draws=218304166
  probe_trials=99999524 elapsed=4.319 rate_Mps=23.153172 target_survivors=84 y_draws=218377875
  probe_trials=99999540 elapsed=4.320 rate_Mps=23.146139 target_survivors=84 y_draws=218451143
  probe_trials=99999556 elapsed=4.322 rate_Mps=23.138846 target_survivors=84 y_draws=218524357
  probe_trials=99999570 elapsed=4.322 rate_Mps=23.135397 target_survivors=84 y_draws=218597662
  probe_trials=99999584 elapsed=4.323 rate_Mps=23.130878 target_survivors=84 y_draws=218671252
  probe_trials=99999598 elapsed=4.324 rate_Mps=23.126720 target_survivors=84 y_draws=218744478
  probe_trials=99999612 elapsed=4.325 rate_Mps=23.123452 target_survivors=84 y_draws=218817593
  probe_trials=99999626 elapsed=4.326 rate_Mps=23.117540 target_survivors=84 y_draws=218890457
  probe_trials=99999638 elapsed=4.327 rate_Mps=23.112291 target_survivors=84 y_draws=218963961
  probe_trials=99999650 elapsed=4.327 rate_Mps=23.108930 target_survivors=84 y_draws=219036769
  probe_trials=99999662 elapsed=4.328 rate_Mps=23.105108 target_survivors=84 y_draws=219109778
  probe_trials=99999674 elapsed=4.329 rate_Mps=23.101469 target_survivors=84 y_draws=219182927
  probe_trials=99999686 elapsed=4.330 rate_Mps=23.096798 target_survivors=84 y_draws=219256191
  probe_trials=99999696 elapsed=4.330 rate_Mps=23.093497 target_survivors=84 y_draws=219329303
  probe_trials=99999706 elapsed=4.331 rate_Mps=23.088914 target_survivors=84 y_draws=219402470
  probe_trials=99999716 elapsed=4.332 rate_Mps=23.084857 target_survivors=84 y_draws=219475224
  probe_trials=99999726 elapsed=4.333 rate_Mps=23.079520 target_survivors=84 y_draws=219548331
  probe_trials=99999736 elapsed=4.334 rate_Mps=23.075402 target_survivors=84 y_draws=219621489
  probe_trials=99999746 elapsed=4.334 rate_Mps=23.072372 target_survivors=84 y_draws=219694820
  probe_trials=99999754 elapsed=4.335 rate_Mps=23.067133 target_survivors=84 y_draws=219767685
  probe_trials=99999762 elapsed=4.336 rate_Mps=23.062857 target_survivors=84 y_draws=219840892
  probe_trials=99999770 elapsed=4.337 rate_Mps=23.057362 target_survivors=84 y_draws=219914148
  probe_trials=99999778 elapsed=4.338 rate_Mps=23.052074 target_survivors=84 y_draws=219986954
  probe_trials=99999786 elapsed=4.339 rate_Mps=23.045830 target_survivors=84 y_draws=220060740
  probe_trials=99999794 elapsed=4.340 rate_Mps=23.040970 target_survivors=84 y_draws=220134187
  probe_trials=99999802 elapsed=4.341 rate_Mps=23.036356 target_survivors=84 y_draws=220207835
  probe_trials=99999810 elapsed=4.342 rate_Mps=23.032284 target_survivors=84 y_draws=220281092
  probe_trials=99999816 elapsed=4.342 rate_Mps=23.028333 target_survivors=84 y_draws=220354059
  probe_trials=99999822 elapsed=4.343 rate_Mps=23.025426 target_survivors=84 y_draws=220427742
  probe_trials=99999828 elapsed=4.344 rate_Mps=23.021334 target_survivors=84 y_draws=220500688
  probe_trials=99999834 elapsed=4.345 rate_Mps=23.017224 target_survivors=84 y_draws=220574252
  probe_trials=99999840 elapsed=4.345 rate_Mps=23.013744 target_survivors=84 y_draws=220647537
  probe_trials=99999846 elapsed=4.346 rate_Mps=23.010709 target_survivors=84 y_draws=220721312
  probe_trials=99999852 elapsed=4.347 rate_Mps=23.006960 target_survivors=84 y_draws=220794437
  probe_trials=99999858 elapsed=4.347 rate_Mps=23.001920 target_survivors=84 y_draws=220867170
  probe_trials=99999864 elapsed=4.348 rate_Mps=22.996676 target_survivors=84 y_draws=220941187
  probe_trials=99999870 elapsed=4.349 rate_Mps=22.991863 target_survivors=84 y_draws=221014004
  probe_trials=99999876 elapsed=4.350 rate_Mps=22.988319 target_survivors=84 y_draws=221087643
  probe_trials=99999880 elapsed=4.351 rate_Mps=22.983755 target_survivors=84 y_draws=221160641
  probe_trials=99999884 elapsed=4.352 rate_Mps=22.980352 target_survivors=84 y_draws=221233955
  probe_trials=99999888 elapsed=4.352 rate_Mps=22.977241 target_survivors=84 y_draws=221307198
  probe_trials=99999892 elapsed=4.353 rate_Mps=22.972996 target_survivors=84 y_draws=221380033
  probe_trials=99999896 elapsed=4.354 rate_Mps=22.969808 target_survivors=84 y_draws=221453074
  probe_trials=99999900 elapsed=4.354 rate_Mps=22.965244 target_survivors=84 y_draws=221526017
  probe_trials=99999904 elapsed=4.355 rate_Mps=22.962155 target_survivors=84 y_draws=221599129
  probe_trials=99999908 elapsed=4.356 rate_Mps=22.959366 target_survivors=84 y_draws=221671884
  probe_trials=99999912 elapsed=4.356 rate_Mps=22.956243 target_survivors=84 y_draws=221745369
  probe_trials=99999916 elapsed=4.357 rate_Mps=22.953187 target_survivors=84 y_draws=221818518
  probe_trials=99999920 elapsed=4.357 rate_Mps=22.949879 target_survivors=84 y_draws=221891539
  probe_trials=99999924 elapsed=4.358 rate_Mps=22.946528 target_survivors=84 y_draws=221964398
  probe_trials=99999928 elapsed=4.359 rate_Mps=22.943457 target_survivors=84 y_draws=222037522
  probe_trials=99999932 elapsed=4.359 rate_Mps=22.940168 target_survivors=84 y_draws=222110696
  probe_trials=99999936 elapsed=4.360 rate_Mps=22.937156 target_survivors=84 y_draws=222183426
  probe_trials=99999938 elapsed=4.360 rate_Mps=22.933791 target_survivors=84 y_draws=222256645
  probe_trials=99999940 elapsed=4.361 rate_Mps=22.930990 target_survivors=84 y_draws=222329546
  probe_trials=99999942 elapsed=4.361 rate_Mps=22.928222 target_survivors=84 y_draws=222402954
  probe_trials=99999944 elapsed=4.362 rate_Mps=22.925460 target_survivors=84 y_draws=222476045
  probe_trials=99999946 elapsed=4.362 rate_Mps=22.922698 target_survivors=84 y_draws=222548832
  probe_trials=99999948 elapsed=4.363 rate_Mps=22.917828 target_survivors=84 y_draws=222621728
  probe_trials=99999950 elapsed=4.364 rate_Mps=22.915068 target_survivors=84 y_draws=222694456
  probe_trials=99999952 elapsed=4.364 rate_Mps=22.912312 target_survivors=84 y_draws=222767266
  probe_trials=99999954 elapsed=4.365 rate_Mps=22.908997 target_survivors=84 y_draws=222840141
  probe_trials=99999956 elapsed=4.366 rate_Mps=22.906241 target_survivors=84 y_draws=222913582
  probe_trials=99999958 elapsed=4.366 rate_Mps=22.903053 target_survivors=84 y_draws=222987526
  probe_trials=99999960 elapsed=4.367 rate_Mps=22.898517 target_survivors=84 y_draws=223060329
  probe_trials=99999962 elapsed=4.368 rate_Mps=22.894445 target_survivors=84 y_draws=223133089
  probe_trials=99999964 elapsed=4.368 rate_Mps=22.891689 target_survivors=84 y_draws=223205848
  probe_trials=99999966 elapsed=4.369 rate_Mps=22.888929 target_survivors=84 y_draws=223278652
  probe_trials=99999968 elapsed=4.369 rate_Mps=22.886173 target_survivors=84 y_draws=223351692
  probe_trials=99999970 elapsed=4.370 rate_Mps=22.883413 target_survivors=84 y_draws=223424649
  probe_trials=99999972 elapsed=4.371 rate_Mps=22.880665 target_survivors=84 y_draws=223497614
  probe_trials=99999974 elapsed=4.371 rate_Mps=22.877916 target_survivors=84 y_draws=223571547
  probe_trials=99999976 elapsed=4.372 rate_Mps=22.875164 target_survivors=84 y_draws=223644565
  probe_trials=99999978 elapsed=4.372 rate_Mps=22.872406 target_survivors=84 y_draws=223717476
  probe_trials=99999980 elapsed=4.373 rate_Mps=22.869326 target_survivors=84 y_draws=223790354
  probe_trials=99999982 elapsed=4.373 rate_Mps=22.866573 target_survivors=84 y_draws=223863628
  probe_trials=99999984 elapsed=4.374 rate_Mps=22.863523 target_survivors=84 y_draws=223937173
  probe_trials=99999986 elapsed=4.374 rate_Mps=22.860756 target_survivors=84 y_draws=224009907
  probe_trials=99999988 elapsed=4.375 rate_Mps=22.857775 target_survivors=84 y_draws=224082811
  probe_trials=99999990 elapsed=4.375 rate_Mps=22.854912 target_survivors=84 y_draws=224155598
  probe_trials=99999992 elapsed=4.376 rate_Mps=22.852169 target_survivors=84 y_draws=224228485
  probe_trials=99999994 elapsed=4.377 rate_Mps=22.847944 target_survivors=84 y_draws=224301951
  probe_trials=99999996 elapsed=4.377 rate_Mps=22.844853 target_survivors=84 y_draws=224374874
  probe_trials=99999998 elapsed=4.378 rate_Mps=22.841748 target_survivors=84 y_draws=224448513
  probe_trials=100000000 elapsed=4.379 rate_Mps=22.838768 target_survivors=84 y_draws=224521434

Stratum probe summary:
  mode=x16stratumprobe source_kind=raw_x16_nonsplit_y backend=u96 GPU="NVIDIA RTX 6000 Ada Generation" seed_mode=splitmix seed_offset=0
  prefix_filter_depth=4
  accepted_roots=100000000 y_draws=224521434 nonsplit_y=112276389 sqrtD_y=56144524 roots_valid=106144524
  target_depth=24 survivors=84 rate=0.000000840 elapsed=4.378523 accepted_rate_Mps=22.838754 source_draws_per_accepted=2.245214 target_per_source_draw=0.000000374129 target_survivor_per_sec=19.184554
  prefix total=50000000 survivors=54 rate=0.000001080
  heldout total=50000000 survivors=30 rate=0.000000600
  depth survival checkpoints:
    depth>=4 count=100000000 rate=1.000000000
    depth>=6 count=25009964 rate=0.250099640
    depth>=8 count=6251290 rate=0.062512900
    depth>=10 count=1563798 rate=0.015637980
    depth>=12 count=391090 rate=0.003910900
    depth>=14 count=98102 rate=0.000981020
    depth>=16 count=24700 rate=0.000247000
    depth>=18 count=6124 rate=0.000061240
    depth>=20 count=1484 rate=0.000014840
    depth>=22 count=376 rate=0.000003760
    depth>=24 count=84 rate=0.000000840
  top buckets selected by prefix lift (min prefix total 100):
    bucket q_sheet key prefix_total prefix_surv prefix_lift held_total held_surv held_lift promotion
    78 1 14 390748 3 7.109 390913 0 0.000 no
    72 1 8 389535 2 4.754 390381 1 4.269 no
    91 1 27 390154 2 4.746 390188 1 4.271 no
    27 0 27 390508 2 4.742 390073 0 0.000 no
    94 1 30 390559 2 4.742 391605 0 0.000 no
    42 0 42 390873 2 4.738 390485 0 0.000 no
    58 0 58 390966 2 4.737 390602 0 0.000 no
    99 1 35 391257 2 4.733 390590 0 0.000 no
    52 0 52 391497 2 4.730 391186 1 4.261 no
    46 0 46 389201 1 2.379 391476 0 0.000 no
    30 0 30 389219 1 2.379 390829 0 0.000 no
    8 0 8 389532 1 2.377 390445 0 0.000 no
scope_probe_jsonl={"mode":"x16stratumprobe","source_kind":"raw_x16_nonsplit_y","narrowing_source":false,"scope_narrowing":false,"p":"1000000000000000000000000103","backend":"u96","gpu":"NVIDIA RTX 6000 Ada Generation","seed_mode":"splitmix","seed_offset":0,"target_depth":24,"prefix_filter_depth":4,"bucket_bits":6,"elapsed":4.378523,"accepted_rate_Mps":22.838754,"accepted_roots":100000000,"source_draws":224521434,"nonsplit_y":112276389,"sqrtD_y":56144524,"roots_valid":106144524,"target_survivors":84,"target_rate":0.000000840000,"source_draws_per_accepted":2.245214340000,"target_per_source_draw":0.000000374129,"target_survivor_per_sec":19.184554,"prefix_total":50000000,"prefix_survive":54,"held_total":50000000,"held_survive":30,"survive_4":100000000,"survive_6":25009964,"survive_8":6251290,"survive_10":1563798,"survive_12":391090,"survive_14":98102,"survive_16":24700,"survive_18":6124,"survive_20":1484,"survive_22":376,"survive_24":84}

Probe completed in 4.38s. trials=100000000 interval_trials=100000000 rate_Mps=22.838754
