Pomerance CUDA x16halvenonsplit prototype

p = 100000000000000000000000067
mode = x16stratumprobe
seed_offset = 121
seed_mode = mixed
max_trials = 1000000000
chunk_trials = 1000000000
probe_target_depth = 26
probe_bucket_bits = 6
k = 44
backend = u96
GPU = NVIDIA RTX 6000 Ada Generation  SMs=142  blocks=1136  threads=128  claim_batch=1

  probe_trials=1000000000 elapsed=30.865 rate_Mps=32.399470 target_survivors=260 y_draws=2000189105

Stratum probe summary:
  accepted_roots=1000000000 y_draws=2000189105 nonsplit_y=1000078611 sqrtD_y=500033379 roots_valid=1000041270
  target_depth=26 survivors=260 rate=0.000000260
  prefix total=500000000 survivors=118 rate=0.000000236
  heldout total=500000000 survivors=142 rate=0.000000284
  depth survival checkpoints:
    depth>=4 count=1000000000 rate=1.000000000
    depth>=6 count=250002043 rate=0.250002043
    depth>=8 count=62497726 rate=0.062497726
    depth>=10 count=15616673 rate=0.015616673
    depth>=12 count=3903380 rate=0.003903380
    depth>=14 count=975857 rate=0.000975857
    depth>=16 count=243892 rate=0.000243892
    depth>=18 count=60681 rate=0.000060681
    depth>=20 count=15197 rate=0.000015197
    depth>=22 count=3882 rate=0.000003882
    depth>=24 count=962 rate=0.000000962
    depth>=26 count=260 rate=0.000000260
  top buckets selected by prefix lift (min prefix total 100):
    bucket q_sheet key prefix_total prefix_surv prefix_lift held_total held_surv held_lift promotion
    123 1 59 3904310 3 3.256 3905358 0 0.000 no
    55 0 55 3904317 3 3.256 3905737 0 0.000 no
    126 1 62 3905213 3 3.255 3908099 2 1.802 no
    58 0 58 3906499 3 3.254 3909715 0 0.000 no
    40 0 40 3908158 3 3.253 3907410 3 2.703 no
    0 0 0 3908697 3 3.252 3905008 0 0.000 no
    115 1 51 3901771 2 2.172 3909017 1 0.901 no
    90 1 26 3903917 2 2.171 3911160 1 0.900 no
    60 0 60 3904418 2 2.171 3910804 0 0.000 no
    102 1 38 3904851 2 2.170 3904147 3 2.706 no
    33 0 33 3904972 2 2.170 3904575 3 2.705 no
    104 1 40 3905213 2 2.170 3908544 1 0.901 no

Probe completed in 30.86s. trials=1000000000 interval_trials=1000000000 rate_Mps=32.399414
