Pomerance CUDA x16halvenonsplit prototype

p = 1000000000000000000000000103
mode = x16tracenormfilter
seed_offset = 0
seed_mode = splitmix
max_trials = 100000000
chunk_trials = 100000000
k = 45
backend = u96
GPU = NVIDIA RTX 6000 Ada Generation  SMs=142  blocks=1136  threads=128  claim_batch=1

  raw_y_draws=100000000 elapsed=3.980 raw_y_Mps=25.123330 nonsplit=49996841 F_square=25002094 D_plus=12496242 ordinary_emit=0 candidate_emit=12497000 candidate_survive_26=12

Trace/norm filter-only summary:
  backend=u96 GPU="NVIDIA RTX 6000 Ada Generation" seed_mode=splitmix seed_offset=0
  raw_y_draws=100000000 elapsed=3.980569 raw_y_per_sec=25122035.235
  nonsplit_y=49996841 F_square=25002094 branch_sqrt_y=6248500 roots_valid=12497000
  D_trace: plus=12496242 minus=12505852 zero_or_unusable=0
  T_line: plus=12504993 minus=12497101 inconsistent=0 unusable=0
  emitted_candidates: ordinary=0 candidate=12497000 ordinary_per_sec=0.000 candidate_per_sec=3139500.743
  depth ordinary_survive ordinary_rate candidate_survive candidate_rate lift survivor_per_sec_candidate
    20 0 0.000000000 806 0.000064495 0.000 202.483604
    22 0 0.000000000 218 0.000017444 0.000 54.766037
    24 0 0.000000000 56 0.000004481 0.000 14.068340
    26 0 0.000000000 12 0.000000960 0.000 3.014644
    28 0 0.000000000 6 0.000000480 0.000 1.507322
    30 0 0.000000000 2 0.000000160 0.000 0.502441
trace_norm_ab_jsonl={"mode":"x16tracenormfilter","p":"1000000000000000000000000103","backend":"u96","gpu":"NVIDIA RTX 6000 Ada Generation","seed_mode":"splitmix","seed_offset":0,"elapsed":3.980569,"raw_y_draws":100000000,"nonsplit_y":49996841,"F_square":25002094,"D_plus":12496242,"D_minus":12505852,"D_zero":0,"T_line_plus":12504993,"T_line_minus":12497101,"T_line_inconsistent":0,"T_line_unusable":0,"ordinary_emitted_candidates":0,"candidate_emitted_candidates":12497000,"ordinary_survive_20":0,"candidate_survive_20":806,"ordinary_survive_22":0,"candidate_survive_22":218,"ordinary_survive_24":0,"candidate_survive_24":56,"ordinary_survive_26":0,"candidate_survive_26":12,"ordinary_survive_28":0,"candidate_survive_28":6,"ordinary_survive_30":0,"candidate_survive_30":2}
