Pomerance CUDA x16halvenonsplit prototype

p = 100000000000000000000000067
mode = x16halvenonsplit
seed_offset = 121
seed_mode = mixed
max_trials = 140000000000
chunk_trials = 1000000000
start_chunk = 139
start_trial = 139000000000
k = 44
backend = u96
GPU = NVIDIA RTX 6000 Ada Generation  SMs=142  blocks=1136  threads=128  claim_batch=1

  trials=139882927663 elapsed=17.652 rate_Mps=50.017279 claimed=882958310

Found after 17.65s (~139882772171 X1(16) curves)

100000000000000000000000067 78462973492772865017160395 27732450411057582323409556

Hit telemetry:
  seed_offset=121 chunk_nonce=139 tid=54163 raw_draw_count=40930 local_draw_count=26351
  root_index=0 q_sheet=0 compactD=d1b7949c9c197659
  y=64812415469854269851232773
  root_x=48276554802230722202920041
  xP16=60651682281716172464088664
  first_w=15400924470879271160683427
  V=23234196395824796332620513
  D=30099400759640349946656938

Verified: PASS  (17.65s)
