start_utc=2026-06-20T23:19:24Z
pod=vrpu64td6tcz7b gpu=RTX_6000_Ada rate_probe_Mps=52.646410
p=100000000000000000000000067 seed_offset=121 max_trials=550000000000 chunk_trials=1000000000
Pomerance CUDA x16halvenonsplit prototype

p = 100000000000000000000000067
seed_offset = 121
max_trials = 550000000000
chunk_trials = 1000000000
k = 44
backend = u96
GPU = NVIDIA RTX 6000 Ada Generation  SMs=142  blocks=1136  threads=128  claim_batch=1

  trials=1000000000 elapsed=18.885 rate_Mps=52.953209 claimed=1000145408
  trials=2000000000 elapsed=37.912 rate_Mps=52.753790 claimed=1000145408
  trials=3000000000 elapsed=57.021 rate_Mps=52.611739 claimed=1000145408
  trials=4000000000 elapsed=76.171 rate_Mps=52.513116 claimed=1000145408
  trials=5000000000 elapsed=95.350 rate_Mps=52.438522 claimed=1000145408
  trials=6000000000 elapsed=114.547 rate_Mps=52.380208 claimed=1000145408
  trials=7000000000 elapsed=133.767 rate_Mps=52.329648 claimed=1000145408
  trials=8000000000 elapsed=152.998 rate_Mps=52.288266 claimed=1000145408
  trials=9000000000 elapsed=172.234 rate_Mps=52.254491 claimed=1000145408
  trials=10000000000 elapsed=191.470 rate_Mps=52.227398 claimed=1000145408
  trials=11000000000 elapsed=210.708 rate_Mps=52.204918 claimed=1000145408
  trials=12000000000 elapsed=229.946 rate_Mps=52.186242 claimed=1000145408
  trials=13000000000 elapsed=249.186 rate_Mps=52.169851 claimed=1000145408
  trials=14000000000 elapsed=268.422 rate_Mps=52.156702 claimed=1000145408
  trials=15000000000 elapsed=287.660 rate_Mps=52.144925 claimed=1000145408
  trials=16000000000 elapsed=306.900 rate_Mps=52.134319 claimed=1000145408
  trials=17000000000 elapsed=326.140 rate_Mps=52.124924 claimed=1000145408
  trials=18000000000 elapsed=345.375 rate_Mps=52.117207 claimed=1000145408
  trials=19000000000 elapsed=364.613 rate_Mps=52.110030 claimed=1000145408
  trials=20000000000 elapsed=383.851 rate_Mps=52.103522 claimed=1000145408
  trials=21000000000 elapsed=403.087 rate_Mps=52.097956 claimed=1000145408
  trials=22000000000 elapsed=422.325 rate_Mps=52.092573 claimed=1000145408
  trials=23000000000 elapsed=441.562 rate_Mps=52.087779 claimed=1000145408
  trials=24000000000 elapsed=460.799 rate_Mps=52.083407 claimed=1000145408
  trials=25000000000 elapsed=480.037 rate_Mps=52.079317 claimed=1000145408
  trials=26000000000 elapsed=499.275 rate_Mps=52.075472 claimed=1000145408
  trials=27000000000 elapsed=518.512 rate_Mps=52.072078 claimed=1000145408
  trials=28000000000 elapsed=537.750 rate_Mps=52.068796 claimed=1000145408
  trials=29000000000 elapsed=556.987 rate_Mps=52.065862 claimed=1000145408
  trials=30000000000 elapsed=576.223 rate_Mps=52.063136 claimed=1000145408
  trials=31000000000 elapsed=595.460 rate_Mps=52.060626 claimed=1000145408
  trials=32000000000 elapsed=614.702 rate_Mps=52.057704 claimed=1000145408
  trials=33000000000 elapsed=633.932 rate_Mps=52.056049 claimed=1000145408
  trials=34000000000 elapsed=653.204 rate_Mps=52.051081 claimed=1000145408
  trials=35000000000 elapsed=672.444 rate_Mps=52.048935 claimed=1000145408
  trials=36000000000 elapsed=691.681 rate_Mps=52.047111 claimed=1000145408
  trials=37000000000 elapsed=710.920 rate_Mps=52.045246 claimed=1000145408
  trials=38000000000 elapsed=730.158 rate_Mps=52.043527 claimed=1000145408
  trials=39000000000 elapsed=749.395 rate_Mps=52.041961 claimed=1000145408
  trials=40000000000 elapsed=768.635 rate_Mps=52.040294 claimed=1000145408
  trials=41000000000 elapsed=787.873 rate_Mps=52.038872 claimed=1000145408
  trials=42000000000 elapsed=807.116 rate_Mps=52.037154 claimed=1000145408
  trials=43000000000 elapsed=826.350 rate_Mps=52.036055 claimed=1000145408
  trials=44000000000 elapsed=845.585 rate_Mps=52.034996 claimed=1000145408
  trials=45000000000 elapsed=864.822 rate_Mps=52.033826 claimed=1000145408
  trials=46000000000 elapsed=884.062 rate_Mps=52.032578 claimed=1000145408
  trials=47000000000 elapsed=903.304 rate_Mps=52.031225 claimed=1000145408
  trials=48000000000 elapsed=922.544 rate_Mps=52.030030 claimed=1000145408
  trials=49000000000 elapsed=941.782 rate_Mps=52.029041 claimed=1000145408
  trials=50000000000 elapsed=961.019 rate_Mps=52.028128 claimed=1000145408
  trials=51000000000 elapsed=980.254 rate_Mps=52.027357 claimed=1000145408
  trials=52000000000 elapsed=999.489 rate_Mps=52.026560 claimed=1000145408
  trials=53000000000 elapsed=1018.724 rate_Mps=52.025852 claimed=1000145408
  trials=54000000000 elapsed=1037.962 rate_Mps=52.025042 claimed=1000145408
  trials=55000000000 elapsed=1057.199 rate_Mps=52.024274 claimed=1000145408
  trials=56000000000 elapsed=1076.438 rate_Mps=52.023449 claimed=1000145408
  trials=57000000000 elapsed=1095.675 rate_Mps=52.022724 claimed=1000145408
  trials=58000000000 elapsed=1114.916 rate_Mps=52.021856 claimed=1000145408
  trials=59000000000 elapsed=1134.160 rate_Mps=52.020860 claimed=1000145408
  trials=60000000000 elapsed=1153.401 rate_Mps=52.020088 claimed=1000145408
  trials=61000000000 elapsed=1172.637 rate_Mps=52.019518 claimed=1000145408
  trials=62000000000 elapsed=1191.881 rate_Mps=52.018624 claimed=1000145408
  trials=63000000000 elapsed=1211.122 rate_Mps=52.017880 claimed=1000145408
  trials=64000000000 elapsed=1230.360 rate_Mps=52.017291 claimed=1000145408
  trials=65000000000 elapsed=1249.600 rate_Mps=52.016648 claimed=1000145408
  trials=66000000000 elapsed=1268.845 rate_Mps=52.015824 claimed=1000145408
  trials=67000000000 elapsed=1288.088 rate_Mps=52.015077 claimed=1000145408
  trials=68000000000 elapsed=1307.325 rate_Mps=52.014609 claimed=1000145408
  trials=69000000000 elapsed=1326.565 rate_Mps=52.014025 claimed=1000145408
  trials=70000000000 elapsed=1345.804 rate_Mps=52.013504 claimed=1000145408
  trials=71000000000 elapsed=1365.041 rate_Mps=52.013106 claimed=1000145408
  trials=72000000000 elapsed=1384.278 rate_Mps=52.012681 claimed=1000145408
  trials=73000000000 elapsed=1403.518 rate_Mps=52.012152 claimed=1000145408
  trials=74000000000 elapsed=1422.757 rate_Mps=52.011691 claimed=1000145408
  trials=75000000000 elapsed=1441.998 rate_Mps=52.011174 claimed=1000145408
  trials=76000000000 elapsed=1461.239 rate_Mps=52.010642 claimed=1000145408
  trials=77000000000 elapsed=1480.476 rate_Mps=52.010286 claimed=1000145408
  trials=78000000000 elapsed=1499.714 rate_Mps=52.009903 claimed=1000145408
  trials=79000000000 elapsed=1518.947 rate_Mps=52.009704 claimed=1000145408
  trials=80000000000 elapsed=1538.217 rate_Mps=52.008267 claimed=1000145408
  trials=81000000000 elapsed=1557.470 rate_Mps=52.007427 claimed=1000145408
  trials=82000000000 elapsed=1576.703 rate_Mps=52.007249 claimed=1000145408
  trials=83000000000 elapsed=1595.941 rate_Mps=52.006922 claimed=1000145408
  trials=84000000000 elapsed=1615.177 rate_Mps=52.006677 claimed=1000145408
  trials=85000000000 elapsed=1634.415 rate_Mps=52.006379 claimed=1000145408
  trials=86000000000 elapsed=1653.656 rate_Mps=52.005968 claimed=1000145408
  trials=87000000000 elapsed=1672.895 rate_Mps=52.005670 claimed=1000145408
  trials=88000000000 elapsed=1692.130 rate_Mps=52.005466 claimed=1000145408
  trials=89000000000 elapsed=1711.367 rate_Mps=52.005201 claimed=1000145408
  trials=90000000000 elapsed=1730.604 rate_Mps=52.004959 claimed=1000145408
  trials=91000000000 elapsed=1749.841 rate_Mps=52.004731 claimed=1000145408
  trials=92000000000 elapsed=1769.079 rate_Mps=52.004466 claimed=1000145408
  trials=93000000000 elapsed=1788.316 rate_Mps=52.004230 claimed=1000145408
  trials=94000000000 elapsed=1807.554 rate_Mps=52.003989 claimed=1000145408
  trials=95000000000 elapsed=1826.791 rate_Mps=52.003747 claimed=1000145408
  trials=96000000000 elapsed=1846.026 rate_Mps=52.003611 claimed=1000145408
  trials=97000000000 elapsed=1865.265 rate_Mps=52.003348 claimed=1000145408
  trials=98000000000 elapsed=1884.501 rate_Mps=52.003158 claimed=1000145408
  trials=99000000000 elapsed=1903.738 rate_Mps=52.002952 claimed=1000145408
  trials=100000000000 elapsed=1922.976 rate_Mps=52.002734 claimed=1000145408
  trials=101000000000 elapsed=1942.209 rate_Mps=52.002652 claimed=1000145408
  trials=102000000000 elapsed=1961.448 rate_Mps=52.002401 claimed=1000145408
  trials=103000000000 elapsed=1980.687 rate_Mps=52.002171 claimed=1000145408
  trials=104000000000 elapsed=1999.922 rate_Mps=52.002015 claimed=1000145408
  trials=105000000000 elapsed=2019.158 rate_Mps=52.001867 claimed=1000145408
  trials=106000000000 elapsed=2038.397 rate_Mps=52.001653 claimed=1000145408
  trials=107000000000 elapsed=2057.633 rate_Mps=52.001491 claimed=1000145408
  trials=108000000000 elapsed=2076.870 rate_Mps=52.001335 claimed=1000145408
  trials=109000000000 elapsed=2096.106 rate_Mps=52.001180 claimed=1000145408
  trials=110000000000 elapsed=2115.340 rate_Mps=52.001092 claimed=1000145408
  trials=111000000000 elapsed=2134.581 rate_Mps=52.000844 claimed=1000145408
  trials=112000000000 elapsed=2153.817 rate_Mps=52.000696 claimed=1000145408
  trials=113000000000 elapsed=2173.052 rate_Mps=52.000586 claimed=1000145408
  trials=114000000000 elapsed=2192.283 rate_Mps=52.000587 claimed=1000145408
  trials=115000000000 elapsed=2211.516 rate_Mps=52.000522 claimed=1000145408
  trials=116000000000 elapsed=2230.754 rate_Mps=52.000365 claimed=1000145408
  trials=117000000000 elapsed=2249.992 rate_Mps=52.000193 claimed=1000145408
  trials=118000000000 elapsed=2269.229 rate_Mps=52.000046 claimed=1000145408
  trials=119000000000 elapsed=2288.465 rate_Mps=51.999926 claimed=1000145408
  trials=120000000000 elapsed=2307.693 rate_Mps=51.999981 claimed=1000145408
  trials=121000000000 elapsed=2326.931 rate_Mps=51.999813 claimed=1000145408
  trials=122000000000 elapsed=2346.170 rate_Mps=51.999650 claimed=1000145408
  trials=123000000000 elapsed=2365.405 rate_Mps=51.999553 claimed=1000145408
  trials=124000000000 elapsed=2384.641 rate_Mps=51.999450 claimed=1000145408
  trials=125000000000 elapsed=2403.874 rate_Mps=51.999391 claimed=1000145408
  trials=126000000000 elapsed=2423.108 rate_Mps=51.999325 claimed=1000145408
  trials=127000000000 elapsed=2442.349 rate_Mps=51.999123 claimed=1000145408
  trials=128000000000 elapsed=2461.626 rate_Mps=51.998150 claimed=1000145408
  trials=129000000000 elapsed=2480.867 rate_Mps=51.997956 claimed=1000145408
  trials=130000000000 elapsed=2500.104 rate_Mps=51.997846 claimed=1000145408
  trials=131000000000 elapsed=2519.338 rate_Mps=51.997788 claimed=1000145408
  trials=132000000000 elapsed=2538.578 rate_Mps=51.997622 claimed=1000145408
  trials=133000000000 elapsed=2557.815 rate_Mps=51.997510 claimed=1000145408
  trials=134000000000 elapsed=2577.050 rate_Mps=51.997433 claimed=1000145408
  trials=135000000000 elapsed=2596.287 rate_Mps=51.997335 claimed=1000145408
  trials=136000000000 elapsed=2615.525 rate_Mps=51.997201 claimed=1000145408
  trials=137000000000 elapsed=2634.765 rate_Mps=51.997046 claimed=1000145408
  trials=138000000000 elapsed=2654.004 rate_Mps=51.996909 claimed=1000145408
  trials=139000000000 elapsed=2673.240 rate_Mps=51.996827 claimed=1000145408
  trials=139934458076 elapsed=2691.212 rate_Mps=51.996815 claimed=934500374

Found after 2691.21s (~139934292088 X1(16) curves)

100000000000000000000000067 78462973492772865017160395 27732450411057582323409556

Verified: PASS  (2691.21s)
exit_status=0 end_utc=2026-06-21T00:04:15Z
