Pomerance CUDA x16halvenonsplit prototype

p = 1000000000000000000000000103
mode = x16quadprecheckprobe
seed_offset = 0
seed_mode = splitmix
max_trials = 2000000
chunk_trials = 2000000
quad_target_depth = 13
quad_telemetry_only = false
k = 45
backend = u96
GPU = NVIDIA RTX 6000 Ada Generation  SMs=142  blocks=142  threads=128  claim_batch=1

  quad_trials=2000000 elapsed=1.176 rate_Mps=1.701077 target_survivors=31680 quad_checks=3934162 quad_reject=1968320 mismatches=0 short_circuit=1968320 w_sqrt_calls=2995837

Quadratic-gate precheck summary:
  mode=x16quadprecheckprobe backend=u96 GPU="NVIDIA RTX 6000 Ada Generation" seed_mode=splitmix seed_offset=0
  accepted_roots=2000000 y_draws=32003917 nonsplit_y=16001642 sqrtD_y=7999826 roots_valid=15999199 prefix_attempts=15999199 prefix_success=4003023
  prefix_depth=6 target_depth=13 survivors=31680 rate=0.015840000 elapsed=1.175752 accepted_rate_Mps=1.701039 source_draws_per_accepted=16.001959 target_per_source_draw=0.000989878833 target_survivor_per_sec=26944.452221
  quad counters: checks=3934162 pass=1965842 reject=1968320 unavailable=0 sign_dependent=0 short_circuit=1968320 mismatches=0 formula_plus=1965842 formula_minus=1968320 actual_plus=1965842 actual_minus=0 actual_zero=0
  sqrt counters: d_sqrt=1997522/1997522 w_sqrt=1997522/2995837
  gate telemetry:
    gate rows formula_plus formula_minus actual_plus actual_minus mismatches
    3 2000000 997828 1002172 997828 0 0
    4 997828 498857 498971 498857 0 0
    5 498857 249707 249150 249707 0 0
    6 249707 124985 124722 124985 0 0
    7 124985 62785 62200 62785 0 0
    8 62785 31680 31105 31680 0 0
  depth survival checkpoints:
    depth>=6 count=2000000 rate=1.000000000
    depth>=8 count=997828 rate=0.498914000
    depth>=10 count=249707 rate=0.124853500
    depth>=12 count=62785 rate=0.031392500
    depth>=13 count=31680 rate=0.015840000
quadprecheck_jsonl={"mode":"x16quadprecheckprobe","p":"1000000000000000000000000103","backend":"u96","gpu":"NVIDIA RTX 6000 Ada Generation","seed_mode":"splitmix","seed_offset":0,"telemetry_only":false,"prefix_depth":6,"target_depth":13,"elapsed":1.175752,"accepted_rate_Mps":1.701039,"accepted_roots":2000000,"source_draws":32003917,"nonsplit_y":16001642,"sqrtD_y":7999826,"roots_valid":15999199,"prefix_attempts":15999199,"prefix_success":4003023,"target_survivors":31680,"target_rate":0.015840000000,"source_draws_per_accepted":16.001958500000,"target_per_source_draw":0.000989878833,"target_survivor_per_sec":26944.452221,"quad_checks":3934162,"quad_pass":1965842,"quad_reject":1968320,"quad_unavailable":0,"quad_sign_dependent":0,"quad_formula_plus":1965842,"quad_formula_minus":1968320,"actual_plus":1965842,"actual_minus":0,"actual_zero":0,"mismatches":0,"short_circuit":1968320,"d_sqrt_calls":1997522,"d_sqrt_success":1997522,"w_sqrt_calls":2995837,"w_sqrt_success":1997522,"gate3_rows":2000000,"gate3_formula_plus":997828,"gate3_formula_minus":1002172,"gate3_actual_plus":997828,"gate3_actual_minus":0,"gate3_mismatch":0,"gate4_rows":997828,"gate4_formula_plus":498857,"gate4_formula_minus":498971,"gate4_actual_plus":498857,"gate4_actual_minus":0,"gate4_mismatch":0,"gate5_rows":498857,"gate5_formula_plus":249707,"gate5_formula_minus":249150,"gate5_actual_plus":249707,"gate5_actual_minus":0,"gate5_mismatch":0,"gate6_rows":249707,"gate6_formula_plus":124985,"gate6_formula_minus":124722,"gate6_actual_plus":124985,"gate6_actual_minus":0,"gate6_mismatch":0,"gate7_rows":124985,"gate7_formula_plus":62785,"gate7_formula_minus":62200,"gate7_actual_plus":62785,"gate7_actual_minus":0,"gate7_mismatch":0,"gate8_rows":62785,"gate8_formula_plus":31680,"gate8_formula_minus":31105,"gate8_actual_plus":31680,"gate8_actual_minus":0,"gate8_mismatch":0,"survive_6":2000000,"survive_8":997828,"survive_10":249707,"survive_12":62785,"survive_13":31680}
