Pomerance CUDA x16halvenonsplit prototype

p = 1000000000000000000000000103
mode = x16quadprecheckprobe
seed_offset = 0
seed_mode = identity
max_trials = 2000000
chunk_trials = 2000000
quad_target_depth = 13
quad_telemetry_only = false
k = 45
backend = u96
GPU = NVIDIA RTX 6000 Ada Generation  SMs=142  blocks=142  threads=128  claim_batch=1

  quad_trials=2000000 elapsed=1.174 rate_Mps=1.702889 target_survivors=31578 quad_checks=3940542 quad_reject=1968422 mismatches=0 short_circuit=1968422 w_sqrt_calls=3006046

Quadratic-gate precheck summary:
  mode=x16quadprecheckprobe backend=u96 GPU="NVIDIA RTX 6000 Ada Generation" seed_mode=identity seed_offset=0
  accepted_roots=2000000 y_draws=31951925 nonsplit_y=15976607 sqrtD_y=7993049 roots_valid=15985630 prefix_attempts=15985630 prefix_success=3999594
  prefix_depth=6 target_depth=13 survivors=31578 rate=0.015789000 elapsed=1.174513 accepted_rate_Mps=1.702834 source_draws_per_accepted=15.975962 target_per_source_draw=0.000988297262 target_survivor_per_sec=26886.048467
  quad counters: checks=3940542 pass=1972120 reject=1968422 unavailable=0 sign_dependent=0 short_circuit=1968422 mismatches=0 formula_plus=1972120 formula_minus=1968422 actual_plus=1972120 actual_minus=0 actual_zero=0
  sqrt counters: d_sqrt=2003698/2003698 w_sqrt=2003698/3006046
  gate telemetry:
    gate rows formula_plus formula_minus actual_plus actual_minus mismatches
    3 2000000 1000353 999647 1000353 0 0
    4 1000353 501242 499111 501242 0 0
    5 501242 250397 250845 250397 0 0
    6 250397 125357 125040 125357 0 0
    7 125357 63193 62164 63193 0 0
    8 63193 31578 31615 31578 0 0
  depth survival checkpoints:
    depth>=6 count=2000000 rate=1.000000000
    depth>=8 count=1000353 rate=0.500176500
    depth>=10 count=250397 rate=0.125198500
    depth>=12 count=63193 rate=0.031596500
    depth>=13 count=31578 rate=0.015789000
quadprecheck_jsonl={"mode":"x16quadprecheckprobe","p":"1000000000000000000000000103","backend":"u96","gpu":"NVIDIA RTX 6000 Ada Generation","seed_mode":"identity","seed_offset":0,"telemetry_only":false,"prefix_depth":6,"target_depth":13,"elapsed":1.174513,"accepted_rate_Mps":1.702834,"accepted_roots":2000000,"source_draws":31951925,"nonsplit_y":15976607,"sqrtD_y":7993049,"roots_valid":15985630,"prefix_attempts":15985630,"prefix_success":3999594,"target_survivors":31578,"target_rate":0.015789000000,"source_draws_per_accepted":15.975962500000,"target_per_source_draw":0.000988297262,"target_survivor_per_sec":26886.048467,"quad_checks":3940542,"quad_pass":1972120,"quad_reject":1968422,"quad_unavailable":0,"quad_sign_dependent":0,"quad_formula_plus":1972120,"quad_formula_minus":1968422,"actual_plus":1972120,"actual_minus":0,"actual_zero":0,"mismatches":0,"short_circuit":1968422,"d_sqrt_calls":2003698,"d_sqrt_success":2003698,"w_sqrt_calls":3006046,"w_sqrt_success":2003698,"gate3_rows":2000000,"gate3_formula_plus":1000353,"gate3_formula_minus":999647,"gate3_actual_plus":1000353,"gate3_actual_minus":0,"gate3_mismatch":0,"gate4_rows":1000353,"gate4_formula_plus":501242,"gate4_formula_minus":499111,"gate4_actual_plus":501242,"gate4_actual_minus":0,"gate4_mismatch":0,"gate5_rows":501242,"gate5_formula_plus":250397,"gate5_formula_minus":250845,"gate5_actual_plus":250397,"gate5_actual_minus":0,"gate5_mismatch":0,"gate6_rows":250397,"gate6_formula_plus":125357,"gate6_formula_minus":125040,"gate6_actual_plus":125357,"gate6_actual_minus":0,"gate6_mismatch":0,"gate7_rows":125357,"gate7_formula_plus":63193,"gate7_formula_minus":62164,"gate7_actual_plus":63193,"gate7_actual_minus":0,"gate7_mismatch":0,"gate8_rows":63193,"gate8_formula_plus":31578,"gate8_formula_minus":31615,"gate8_actual_plus":31578,"gate8_actual_minus":0,"gate8_mismatch":0,"survive_6":2000000,"survive_8":1000353,"survive_10":250397,"survive_12":63193,"survive_13":31578}
